[0.117s] DEBUG:colcon:Command line arguments: ['/usr/bin/colcon', 'build']
[0.117s] DEBUG:colcon:Parsed command line arguments: Namespace(log_base=None, log_level=None, verb_name='build', build_base='build', install_base='install', merge_install=False, symlink_install=False, test_result_base=None, continue_on_error=False, executor='parallel', parallel_workers=20, event_handlers=None, ignore_user_meta=False, metas=['./colcon.meta'], base_paths=['.'], packages_ignore=None, packages_ignore_regex=None, paths=None, packages_up_to=None, packages_up_to_regex=None, packages_above=None, packages_above_and_dependencies=None, packages_above_depth=None, packages_select_by_dep=None, packages_skip_by_dep=None, packages_skip_up_to=None, packages_select_build_failed=False, packages_skip_build_finished=False, packages_select_test_failures=False, packages_skip_test_passed=False, packages_select=None, packages_skip=None, packages_select_regex=None, packages_skip_regex=None, packages_start=None, packages_end=None, allow_overriding=[], cmake_args=None, cmake_target=None, cmake_target_skip_unavailable=False, cmake_clean_cache=False, cmake_clean_first=False, cmake_force_configure=False, ament_cmake_args=None, catkin_cmake_args=None, catkin_skip_building_tests=False, mixin_files=None, mixin=None, verb_parser=<colcon_mixin.mixin.mixin_argument.MixinArgumentDecorator object at 0x7f54df3d8a00>, verb_extension=<colcon_core.verb.build.BuildVerb object at 0x7f54df4d1f90>, main=<bound method BuildVerb.main of <colcon_core.verb.build.BuildVerb object at 0x7f54df4d1f90>>, mixin_verb=('build',))
[0.379s] Level 1:colcon.colcon_core.package_discovery:discover_packages(colcon_meta) check parameters
[0.379s] Level 1:colcon.colcon_core.package_discovery:discover_packages(recursive) check parameters
[0.379s] Level 1:colcon.colcon_core.package_discovery:discover_packages(ignore) check parameters
[0.379s] Level 1:colcon.colcon_core.package_discovery:discover_packages(path) check parameters
[0.379s] Level 1:colcon.colcon_core.package_discovery:discover_packages(colcon_meta) discover
[0.379s] Level 1:colcon.colcon_core.package_discovery:discover_packages(recursive) discover
[0.379s] INFO:colcon.colcon_core.package_discovery:Crawling recursively for packages in '/home/kabilankb/isaac_lerobot_new'
[0.379s] Level 1:colcon.colcon_core.package_identification:_identify(.) by extensions ['ignore', 'ignore_ament_install']
[0.379s] Level 1:colcon.colcon_core.package_identification:_identify(.) by extension 'ignore'
[0.379s] Level 1:colcon.colcon_core.package_identification:_identify(.) by extension 'ignore_ament_install'
[0.379s] Level 1:colcon.colcon_core.package_identification:_identify(.) by extensions ['colcon_pkg']
[0.379s] Level 1:colcon.colcon_core.package_identification:_identify(.) by extension 'colcon_pkg'
[0.379s] Level 1:colcon.colcon_core.package_identification:_identify(.) by extensions ['colcon_meta']
[0.379s] Level 1:colcon.colcon_core.package_identification:_identify(.) by extension 'colcon_meta'
[0.379s] Level 1:colcon.colcon_core.package_identification:_identify(.) by extensions ['ros']
[0.379s] Level 1:colcon.colcon_core.package_identification:_identify(.) by extension 'ros'
[0.390s] Level 1:colcon.colcon_core.package_identification:_identify(.) by extensions ['cmake', 'python']
[0.390s] Level 1:colcon.colcon_core.package_identification:_identify(.) by extension 'cmake'
[0.390s] Level 1:colcon.colcon_core.package_identification:_identify(.) by extension 'python'
[0.390s] Level 1:colcon.colcon_core.package_identification:_identify(.) by extensions ['python_setup_py']
[0.390s] Level 1:colcon.colcon_core.package_identification:_identify(.) by extension 'python_setup_py'
[0.390s] Level 1:colcon.colcon_core.package_identification:_identify(build) by extensions ['ignore', 'ignore_ament_install']
[0.390s] Level 1:colcon.colcon_core.package_identification:_identify(build) by extension 'ignore'
[0.390s] Level 1:colcon.colcon_core.package_identification:_identify(build) ignored
[0.390s] Level 1:colcon.colcon_core.package_identification:_identify(install) by extensions ['ignore', 'ignore_ament_install']
[0.390s] Level 1:colcon.colcon_core.package_identification:_identify(install) by extension 'ignore'
[0.390s] Level 1:colcon.colcon_core.package_identification:_identify(install) ignored
[0.390s] Level 1:colcon.colcon_core.package_identification:_identify(log) by extensions ['ignore', 'ignore_ament_install']
[0.390s] Level 1:colcon.colcon_core.package_identification:_identify(log) by extension 'ignore'
[0.390s] Level 1:colcon.colcon_core.package_identification:_identify(log) ignored
[0.390s] Level 1:colcon.colcon_core.package_identification:_identify(src) by extensions ['ignore', 'ignore_ament_install']
[0.391s] Level 1:colcon.colcon_core.package_identification:_identify(src) by extension 'ignore'
[0.391s] Level 1:colcon.colcon_core.package_identification:_identify(src) by extension 'ignore_ament_install'
[0.391s] Level 1:colcon.colcon_core.package_identification:_identify(src) by extensions ['colcon_pkg']
[0.391s] Level 1:colcon.colcon_core.package_identification:_identify(src) by extension 'colcon_pkg'
[0.391s] Level 1:colcon.colcon_core.package_identification:_identify(src) by extensions ['colcon_meta']
[0.391s] Level 1:colcon.colcon_core.package_identification:_identify(src) by extension 'colcon_meta'
[0.391s] Level 1:colcon.colcon_core.package_identification:_identify(src) by extensions ['ros']
[0.391s] Level 1:colcon.colcon_core.package_identification:_identify(src) by extension 'ros'
[0.391s] Level 1:colcon.colcon_core.package_identification:_identify(src) by extensions ['cmake', 'python']
[0.391s] Level 1:colcon.colcon_core.package_identification:_identify(src) by extension 'cmake'
[0.391s] Level 1:colcon.colcon_core.package_identification:_identify(src) by extension 'python'
[0.391s] Level 1:colcon.colcon_core.package_identification:_identify(src) by extensions ['python_setup_py']
[0.391s] Level 1:colcon.colcon_core.package_identification:_identify(src) by extension 'python_setup_py'
[0.391s] Level 1:colcon.colcon_core.package_identification:_identify(src/SO-100-arm) by extensions ['ignore', 'ignore_ament_install']
[0.391s] Level 1:colcon.colcon_core.package_identification:_identify(src/SO-100-arm) by extension 'ignore'
[0.391s] Level 1:colcon.colcon_core.package_identification:_identify(src/SO-100-arm) by extension 'ignore_ament_install'
[0.391s] Level 1:colcon.colcon_core.package_identification:_identify(src/SO-100-arm) by extensions ['colcon_pkg']
[0.391s] Level 1:colcon.colcon_core.package_identification:_identify(src/SO-100-arm) by extension 'colcon_pkg'
[0.391s] Level 1:colcon.colcon_core.package_identification:_identify(src/SO-100-arm) by extensions ['colcon_meta']
[0.391s] Level 1:colcon.colcon_core.package_identification:_identify(src/SO-100-arm) by extension 'colcon_meta'
[0.391s] Level 1:colcon.colcon_core.package_identification:_identify(src/SO-100-arm) by extensions ['ros']
[0.391s] Level 1:colcon.colcon_core.package_identification:_identify(src/SO-100-arm) by extension 'ros'
[0.394s] DEBUG:colcon.colcon_core.package_identification:Package 'src/SO-100-arm' with type 'ros.ament_cmake' and name 'so_100_arm'
[0.394s] Level 1:colcon.colcon_core.package_identification:_identify(src/lerobot_so100) by extensions ['ignore', 'ignore_ament_install']
[0.394s] Level 1:colcon.colcon_core.package_identification:_identify(src/lerobot_so100) by extension 'ignore'
[0.394s] Level 1:colcon.colcon_core.package_identification:_identify(src/lerobot_so100) by extension 'ignore_ament_install'
[0.394s] Level 1:colcon.colcon_core.package_identification:_identify(src/lerobot_so100) by extensions ['colcon_pkg']
[0.394s] Level 1:colcon.colcon_core.package_identification:_identify(src/lerobot_so100) by extension 'colcon_pkg'
[0.394s] Level 1:colcon.colcon_core.package_identification:_identify(src/lerobot_so100) by extensions ['colcon_meta']
[0.394s] Level 1:colcon.colcon_core.package_identification:_identify(src/lerobot_so100) by extension 'colcon_meta'
[0.394s] Level 1:colcon.colcon_core.package_identification:_identify(src/lerobot_so100) by extensions ['ros']
[0.394s] Level 1:colcon.colcon_core.package_identification:_identify(src/lerobot_so100) by extension 'ros'
[0.395s] DEBUG:colcon.colcon_core.package_identification:Package 'src/lerobot_so100' with type 'ros.ament_cmake' and name 'lerobot_so100'
[0.395s] Level 1:colcon.colcon_core.package_discovery:discover_packages(recursive) using defaults
[0.395s] Level 1:colcon.colcon_core.package_discovery:discover_packages(ignore) discover
[0.395s] Level 1:colcon.colcon_core.package_discovery:discover_packages(ignore) using defaults
[0.395s] Level 1:colcon.colcon_core.package_discovery:discover_packages(path) discover
[0.395s] Level 1:colcon.colcon_core.package_discovery:discover_packages(path) using defaults
[0.419s] Level 1:colcon.colcon_core.package_discovery:discover_packages(prefix_path) check parameters
[0.419s] Level 1:colcon.colcon_core.package_discovery:discover_packages(prefix_path) discover
[0.421s] DEBUG:colcon.colcon_installed_package_information.package_discovery:Found 2 installed packages in /home/kabilankb/isaac_lerobot_new/install
[0.421s] DEBUG:colcon.colcon_installed_package_information.package_discovery:Found 2 installed packages in /home/kabilankb/isaac_lerobot/install
[0.423s] DEBUG:colcon.colcon_installed_package_information.package_discovery:Found 459 installed packages in /opt/ros/humble
[0.425s] Level 1:colcon.colcon_core.package_discovery:discover_packages(prefix_path) using defaults
[0.477s] Level 5:colcon.colcon_core.verb:set package 'so_100_arm' build argument 'cmake_args' from command line to 'None'
[0.477s] Level 5:colcon.colcon_core.verb:set package 'so_100_arm' build argument 'cmake_target' from command line to 'None'
[0.477s] Level 5:colcon.colcon_core.verb:set package 'so_100_arm' build argument 'cmake_target_skip_unavailable' from command line to 'False'
[0.477s] Level 5:colcon.colcon_core.verb:set package 'so_100_arm' build argument 'cmake_clean_cache' from command line to 'False'
[0.477s] Level 5:colcon.colcon_core.verb:set package 'so_100_arm' build argument 'cmake_clean_first' from command line to 'False'
[0.477s] Level 5:colcon.colcon_core.verb:set package 'so_100_arm' build argument 'cmake_force_configure' from command line to 'False'
[0.477s] Level 5:colcon.colcon_core.verb:set package 'so_100_arm' build argument 'ament_cmake_args' from command line to 'None'
[0.477s] Level 5:colcon.colcon_core.verb:set package 'so_100_arm' build argument 'catkin_cmake_args' from command line to 'None'
[0.477s] Level 5:colcon.colcon_core.verb:set package 'so_100_arm' build argument 'catkin_skip_building_tests' from command line to 'False'
[0.477s] DEBUG:colcon.colcon_core.verb:Building package 'so_100_arm' with the following arguments: {'ament_cmake_args': None, 'build_base': '/home/kabilankb/isaac_lerobot_new/build/so_100_arm', 'catkin_cmake_args': None, 'catkin_skip_building_tests': False, 'cmake_args': None, 'cmake_clean_cache': False, 'cmake_clean_first': False, 'cmake_force_configure': False, 'cmake_target': None, 'cmake_target_skip_unavailable': False, 'install_base': '/home/kabilankb/isaac_lerobot_new/install/so_100_arm', 'merge_install': False, 'path': '/home/kabilankb/isaac_lerobot_new/src/SO-100-arm', 'symlink_install': False, 'test_result_base': None}
[0.478s] Level 5:colcon.colcon_core.verb:set package 'lerobot_so100' build argument 'cmake_args' from command line to 'None'
[0.478s] Level 5:colcon.colcon_core.verb:set package 'lerobot_so100' build argument 'cmake_target' from command line to 'None'
[0.478s] Level 5:colcon.colcon_core.verb:set package 'lerobot_so100' build argument 'cmake_target_skip_unavailable' from command line to 'False'
[0.478s] Level 5:colcon.colcon_core.verb:set package 'lerobot_so100' build argument 'cmake_clean_cache' from command line to 'False'
[0.478s] Level 5:colcon.colcon_core.verb:set package 'lerobot_so100' build argument 'cmake_clean_first' from command line to 'False'
[0.478s] Level 5:colcon.colcon_core.verb:set package 'lerobot_so100' build argument 'cmake_force_configure' from command line to 'False'
[0.478s] Level 5:colcon.colcon_core.verb:set package 'lerobot_so100' build argument 'ament_cmake_args' from command line to 'None'
[0.478s] Level 5:colcon.colcon_core.verb:set package 'lerobot_so100' build argument 'catkin_cmake_args' from command line to 'None'
[0.478s] Level 5:colcon.colcon_core.verb:set package 'lerobot_so100' build argument 'catkin_skip_building_tests' from command line to 'False'
[0.478s] DEBUG:colcon.colcon_core.verb:Building package 'lerobot_so100' with the following arguments: {'ament_cmake_args': None, 'build_base': '/home/kabilankb/isaac_lerobot_new/build/lerobot_so100', 'catkin_cmake_args': None, 'catkin_skip_building_tests': False, 'cmake_args': None, 'cmake_clean_cache': False, 'cmake_clean_first': False, 'cmake_force_configure': False, 'cmake_target': None, 'cmake_target_skip_unavailable': False, 'install_base': '/home/kabilankb/isaac_lerobot_new/install/lerobot_so100', 'merge_install': False, 'path': '/home/kabilankb/isaac_lerobot_new/src/lerobot_so100', 'symlink_install': False, 'test_result_base': None}
[0.478s] INFO:colcon.colcon_core.executor:Executing jobs using 'parallel' executor
[0.480s] DEBUG:colcon.colcon_parallel_executor.executor.parallel:run_until_complete
[0.480s] INFO:colcon.colcon_ros.task.ament_cmake.build:Building ROS package in '/home/kabilankb/isaac_lerobot_new/src/SO-100-arm' with build type 'ament_cmake'
[0.480s] INFO:colcon.colcon_cmake.task.cmake.build:Building CMake package in '/home/kabilankb/isaac_lerobot_new/src/SO-100-arm'
[0.482s] INFO:colcon.colcon_core.plugin_system:Skipping extension 'colcon_core.shell.bat': Not used on non-Windows systems
[0.482s] INFO:colcon.colcon_core.shell:Skip shell extension 'powershell' for command environment: Not usable outside of PowerShell
[0.482s] DEBUG:colcon.colcon_core.shell:Skip shell extension 'dsv' for command environment
[0.494s] DEBUG:colcon.colcon_core.event_handler.log_command:Invoking command in '/home/kabilankb/isaac_lerobot_new/build/so_100_arm': CMAKE_PREFIX_PATH=${CMAKE_PREFIX_PATH}:/opt/ros/humble PS1=(ros_env) \[\e]0;\u@\h: \w\a\]${debian_chroot:+($debian_chroot)}\[\033[01;32m\]\u@\h\[\033[00m\]:\[\033[01;34m\]\w\[\033[00m\]\$ /usr/bin/cmake --build /home/kabilankb/isaac_lerobot_new/build/so_100_arm -- -j20 -l20
[0.545s] DEBUG:colcon.colcon_core.event_handler.log_command:Invoked command in '/home/kabilankb/isaac_lerobot_new/build/so_100_arm' returned '0': CMAKE_PREFIX_PATH=${CMAKE_PREFIX_PATH}:/opt/ros/humble PS1=(ros_env) \[\e]0;\u@\h: \w\a\]${debian_chroot:+($debian_chroot)}\[\033[01;32m\]\u@\h\[\033[00m\]:\[\033[01;34m\]\w\[\033[00m\]\$ /usr/bin/cmake --build /home/kabilankb/isaac_lerobot_new/build/so_100_arm -- -j20 -l20
[0.558s] DEBUG:colcon.colcon_core.event_handler.log_command:Invoking command in '/home/kabilankb/isaac_lerobot_new/build/so_100_arm': CMAKE_PREFIX_PATH=${CMAKE_PREFIX_PATH}:/opt/ros/humble PS1=(ros_env) \[\e]0;\u@\h: \w\a\]${debian_chroot:+($debian_chroot)}\[\033[01;32m\]\u@\h\[\033[00m\]:\[\033[01;34m\]\w\[\033[00m\]\$ /usr/bin/cmake --install /home/kabilankb/isaac_lerobot_new/build/so_100_arm
[0.571s] Level 1:colcon.colcon_core.environment:create_environment_scripts_only(so_100_arm)
[0.571s] DEBUG:colcon.colcon_core.event_handler.log_command:Invoked command in '/home/kabilankb/isaac_lerobot_new/build/so_100_arm' returned '0': CMAKE_PREFIX_PATH=${CMAKE_PREFIX_PATH}:/opt/ros/humble PS1=(ros_env) \[\e]0;\u@\h: \w\a\]${debian_chroot:+($debian_chroot)}\[\033[01;32m\]\u@\h\[\033[00m\]:\[\033[01;34m\]\w\[\033[00m\]\$ /usr/bin/cmake --install /home/kabilankb/isaac_lerobot_new/build/so_100_arm
[0.574s] Level 1:colcon.colcon_core.environment:checking '/home/kabilankb/isaac_lerobot_new/install/so_100_arm' for CMake module files
[0.574s] Level 1:colcon.colcon_core.environment:checking '/home/kabilankb/isaac_lerobot_new/install/so_100_arm' for CMake config files
[0.575s] Level 1:colcon.colcon_core.shell:create_environment_hook('so_100_arm', 'cmake_prefix_path')
[0.575s] INFO:colcon.colcon_core.shell:Creating environment hook '/home/kabilankb/isaac_lerobot_new/install/so_100_arm/share/so_100_arm/hook/cmake_prefix_path.ps1'
[0.576s] INFO:colcon.colcon_core.shell:Creating environment descriptor '/home/kabilankb/isaac_lerobot_new/install/so_100_arm/share/so_100_arm/hook/cmake_prefix_path.dsv'
[0.576s] INFO:colcon.colcon_core.shell:Creating environment hook '/home/kabilankb/isaac_lerobot_new/install/so_100_arm/share/so_100_arm/hook/cmake_prefix_path.sh'
[0.578s] Level 1:colcon.colcon_core.environment:checking '/home/kabilankb/isaac_lerobot_new/install/so_100_arm/bin'
[0.578s] Level 1:colcon.colcon_core.environment:checking '/home/kabilankb/isaac_lerobot_new/install/so_100_arm/lib/pkgconfig/so_100_arm.pc'
[0.578s] Level 1:colcon.colcon_core.environment:checking '/home/kabilankb/isaac_lerobot_new/install/so_100_arm/lib/python3.10/site-packages'
[0.579s] Level 1:colcon.colcon_core.environment:checking '/home/kabilankb/isaac_lerobot_new/install/so_100_arm/bin'
[0.579s] INFO:colcon.colcon_core.shell:Creating package script '/home/kabilankb/isaac_lerobot_new/install/so_100_arm/share/so_100_arm/package.ps1'
[0.580s] INFO:colcon.colcon_core.shell:Creating package descriptor '/home/kabilankb/isaac_lerobot_new/install/so_100_arm/share/so_100_arm/package.dsv'
[0.581s] INFO:colcon.colcon_core.shell:Creating package script '/home/kabilankb/isaac_lerobot_new/install/so_100_arm/share/so_100_arm/package.sh'
[0.582s] INFO:colcon.colcon_core.shell:Creating package script '/home/kabilankb/isaac_lerobot_new/install/so_100_arm/share/so_100_arm/package.bash'
[0.582s] INFO:colcon.colcon_core.shell:Creating package script '/home/kabilankb/isaac_lerobot_new/install/so_100_arm/share/so_100_arm/package.zsh'
[0.583s] Level 1:colcon.colcon_core.environment:create_file_with_runtime_dependencies(/home/kabilankb/isaac_lerobot_new/install/so_100_arm/share/colcon-core/packages/so_100_arm)
[0.584s] Level 1:colcon.colcon_core.environment:create_environment_scripts_only(so_100_arm)
[0.584s] Level 1:colcon.colcon_core.environment:checking '/home/kabilankb/isaac_lerobot_new/install/so_100_arm' for CMake module files
[0.584s] Level 1:colcon.colcon_core.environment:checking '/home/kabilankb/isaac_lerobot_new/install/so_100_arm' for CMake config files
[0.585s] Level 1:colcon.colcon_core.shell:create_environment_hook('so_100_arm', 'cmake_prefix_path')
[0.585s] INFO:colcon.colcon_core.shell:Creating environment hook '/home/kabilankb/isaac_lerobot_new/install/so_100_arm/share/so_100_arm/hook/cmake_prefix_path.ps1'
[0.585s] INFO:colcon.colcon_core.shell:Creating environment descriptor '/home/kabilankb/isaac_lerobot_new/install/so_100_arm/share/so_100_arm/hook/cmake_prefix_path.dsv'
[0.585s] INFO:colcon.colcon_core.shell:Creating environment hook '/home/kabilankb/isaac_lerobot_new/install/so_100_arm/share/so_100_arm/hook/cmake_prefix_path.sh'
[0.586s] Level 1:colcon.colcon_core.environment:checking '/home/kabilankb/isaac_lerobot_new/install/so_100_arm/bin'
[0.586s] Level 1:colcon.colcon_core.environment:checking '/home/kabilankb/isaac_lerobot_new/install/so_100_arm/lib/pkgconfig/so_100_arm.pc'
[0.586s] Level 1:colcon.colcon_core.environment:checking '/home/kabilankb/isaac_lerobot_new/install/so_100_arm/lib/python3.10/site-packages'
[0.586s] Level 1:colcon.colcon_core.environment:checking '/home/kabilankb/isaac_lerobot_new/install/so_100_arm/bin'
[0.587s] INFO:colcon.colcon_core.shell:Creating package script '/home/kabilankb/isaac_lerobot_new/install/so_100_arm/share/so_100_arm/package.ps1'
[0.587s] INFO:colcon.colcon_core.shell:Creating package descriptor '/home/kabilankb/isaac_lerobot_new/install/so_100_arm/share/so_100_arm/package.dsv'
[0.588s] INFO:colcon.colcon_core.shell:Creating package script '/home/kabilankb/isaac_lerobot_new/install/so_100_arm/share/so_100_arm/package.sh'
[0.588s] INFO:colcon.colcon_core.shell:Creating package script '/home/kabilankb/isaac_lerobot_new/install/so_100_arm/share/so_100_arm/package.bash'
[0.588s] INFO:colcon.colcon_core.shell:Creating package script '/home/kabilankb/isaac_lerobot_new/install/so_100_arm/share/so_100_arm/package.zsh'
[0.589s] Level 1:colcon.colcon_core.environment:create_file_with_runtime_dependencies(/home/kabilankb/isaac_lerobot_new/install/so_100_arm/share/colcon-core/packages/so_100_arm)
[0.589s] INFO:colcon.colcon_ros.task.ament_cmake.build:Building ROS package in '/home/kabilankb/isaac_lerobot_new/src/lerobot_so100' with build type 'ament_cmake'
[0.589s] INFO:colcon.colcon_cmake.task.cmake.build:Building CMake package in '/home/kabilankb/isaac_lerobot_new/src/lerobot_so100'
[0.590s] INFO:colcon.colcon_core.shell:Skip shell extension 'powershell' for command environment: Not usable outside of PowerShell
[0.590s] DEBUG:colcon.colcon_core.shell:Skip shell extension 'dsv' for command environment
[0.601s] DEBUG:colcon.colcon_core.event_handler.log_command:Invoking command in '/home/kabilankb/isaac_lerobot_new/build/lerobot_so100': CMAKE_PREFIX_PATH=/home/kabilankb/isaac_lerobot_new/install/so_100_arm:/home/kabilankb/isaac_lerobot_new/install/lerobot_so100:/opt/ros/humble PS1=(ros_env) \[\e]0;\u@\h: \w\a\]${debian_chroot:+($debian_chroot)}\[\033[01;32m\]\u@\h\[\033[00m\]:\[\033[01;34m\]\w\[\033[00m\]\$ /usr/bin/cmake --build /home/kabilankb/isaac_lerobot_new/build/lerobot_so100 -- -j20 -l20
[0.652s] DEBUG:colcon.colcon_core.event_handler.log_command:Invoked command in '/home/kabilankb/isaac_lerobot_new/build/lerobot_so100' returned '0': CMAKE_PREFIX_PATH=/home/kabilankb/isaac_lerobot_new/install/so_100_arm:/home/kabilankb/isaac_lerobot_new/install/lerobot_so100:/opt/ros/humble PS1=(ros_env) \[\e]0;\u@\h: \w\a\]${debian_chroot:+($debian_chroot)}\[\033[01;32m\]\u@\h\[\033[00m\]:\[\033[01;34m\]\w\[\033[00m\]\$ /usr/bin/cmake --build /home/kabilankb/isaac_lerobot_new/build/lerobot_so100 -- -j20 -l20
[0.654s] DEBUG:colcon.colcon_core.event_handler.log_command:Invoking command in '/home/kabilankb/isaac_lerobot_new/build/lerobot_so100': CMAKE_PREFIX_PATH=/home/kabilankb/isaac_lerobot_new/install/so_100_arm:/home/kabilankb/isaac_lerobot_new/install/lerobot_so100:/opt/ros/humble PS1=(ros_env) \[\e]0;\u@\h: \w\a\]${debian_chroot:+($debian_chroot)}\[\033[01;32m\]\u@\h\[\033[00m\]:\[\033[01;34m\]\w\[\033[00m\]\$ /usr/bin/cmake --install /home/kabilankb/isaac_lerobot_new/build/lerobot_so100
[0.665s] Level 1:colcon.colcon_core.environment:create_environment_scripts_only(lerobot_so100)
[0.666s] DEBUG:colcon.colcon_core.event_handler.log_command:Invoked command in '/home/kabilankb/isaac_lerobot_new/build/lerobot_so100' returned '0': CMAKE_PREFIX_PATH=/home/kabilankb/isaac_lerobot_new/install/so_100_arm:/home/kabilankb/isaac_lerobot_new/install/lerobot_so100:/opt/ros/humble PS1=(ros_env) \[\e]0;\u@\h: \w\a\]${debian_chroot:+($debian_chroot)}\[\033[01;32m\]\u@\h\[\033[00m\]:\[\033[01;34m\]\w\[\033[00m\]\$ /usr/bin/cmake --install /home/kabilankb/isaac_lerobot_new/build/lerobot_so100
[0.666s] Level 1:colcon.colcon_core.environment:checking '/home/kabilankb/isaac_lerobot_new/install/lerobot_so100' for CMake module files
[0.666s] Level 1:colcon.colcon_core.environment:checking '/home/kabilankb/isaac_lerobot_new/install/lerobot_so100' for CMake config files
[0.667s] Level 1:colcon.colcon_core.shell:create_environment_hook('lerobot_so100', 'cmake_prefix_path')
[0.667s] INFO:colcon.colcon_core.shell:Creating environment hook '/home/kabilankb/isaac_lerobot_new/install/lerobot_so100/share/lerobot_so100/hook/cmake_prefix_path.ps1'
[0.668s] INFO:colcon.colcon_core.shell:Creating environment descriptor '/home/kabilankb/isaac_lerobot_new/install/lerobot_so100/share/lerobot_so100/hook/cmake_prefix_path.dsv'
[0.668s] INFO:colcon.colcon_core.shell:Creating environment hook '/home/kabilankb/isaac_lerobot_new/install/lerobot_so100/share/lerobot_so100/hook/cmake_prefix_path.sh'
[0.668s] Level 1:colcon.colcon_core.environment:checking '/home/kabilankb/isaac_lerobot_new/install/lerobot_so100/bin'
[0.669s] Level 1:colcon.colcon_core.environment:checking '/home/kabilankb/isaac_lerobot_new/install/lerobot_so100/lib/pkgconfig/lerobot_so100.pc'
[0.669s] Level 1:colcon.colcon_core.environment:checking '/home/kabilankb/isaac_lerobot_new/install/lerobot_so100/lib/python3.10/site-packages'
[0.669s] Level 1:colcon.colcon_core.environment:checking '/home/kabilankb/isaac_lerobot_new/install/lerobot_so100/bin'
[0.669s] INFO:colcon.colcon_core.shell:Creating package script '/home/kabilankb/isaac_lerobot_new/install/lerobot_so100/share/lerobot_so100/package.ps1'
[0.670s] INFO:colcon.colcon_core.shell:Creating package descriptor '/home/kabilankb/isaac_lerobot_new/install/lerobot_so100/share/lerobot_so100/package.dsv'
[0.670s] INFO:colcon.colcon_core.shell:Creating package script '/home/kabilankb/isaac_lerobot_new/install/lerobot_so100/share/lerobot_so100/package.sh'
[0.671s] INFO:colcon.colcon_core.shell:Creating package script '/home/kabilankb/isaac_lerobot_new/install/lerobot_so100/share/lerobot_so100/package.bash'
[0.671s] INFO:colcon.colcon_core.shell:Creating package script '/home/kabilankb/isaac_lerobot_new/install/lerobot_so100/share/lerobot_so100/package.zsh'
[0.671s] Level 1:colcon.colcon_core.environment:create_file_with_runtime_dependencies(/home/kabilankb/isaac_lerobot_new/install/lerobot_so100/share/colcon-core/packages/lerobot_so100)
[0.672s] Level 1:colcon.colcon_core.environment:create_environment_scripts_only(lerobot_so100)
[0.672s] Level 1:colcon.colcon_core.environment:checking '/home/kabilankb/isaac_lerobot_new/install/lerobot_so100' for CMake module files
[0.672s] Level 1:colcon.colcon_core.environment:checking '/home/kabilankb/isaac_lerobot_new/install/lerobot_so100' for CMake config files
[0.672s] Level 1:colcon.colcon_core.shell:create_environment_hook('lerobot_so100', 'cmake_prefix_path')
[0.673s] INFO:colcon.colcon_core.shell:Creating environment hook '/home/kabilankb/isaac_lerobot_new/install/lerobot_so100/share/lerobot_so100/hook/cmake_prefix_path.ps1'
[0.673s] INFO:colcon.colcon_core.shell:Creating environment descriptor '/home/kabilankb/isaac_lerobot_new/install/lerobot_so100/share/lerobot_so100/hook/cmake_prefix_path.dsv'
[0.673s] INFO:colcon.colcon_core.shell:Creating environment hook '/home/kabilankb/isaac_lerobot_new/install/lerobot_so100/share/lerobot_so100/hook/cmake_prefix_path.sh'
[0.674s] Level 1:colcon.colcon_core.environment:checking '/home/kabilankb/isaac_lerobot_new/install/lerobot_so100/bin'
[0.674s] Level 1:colcon.colcon_core.environment:checking '/home/kabilankb/isaac_lerobot_new/install/lerobot_so100/lib/pkgconfig/lerobot_so100.pc'
[0.674s] Level 1:colcon.colcon_core.environment:checking '/home/kabilankb/isaac_lerobot_new/install/lerobot_so100/lib/python3.10/site-packages'
[0.674s] Level 1:colcon.colcon_core.environment:checking '/home/kabilankb/isaac_lerobot_new/install/lerobot_so100/bin'
[0.675s] INFO:colcon.colcon_core.shell:Creating package script '/home/kabilankb/isaac_lerobot_new/install/lerobot_so100/share/lerobot_so100/package.ps1'
[0.675s] INFO:colcon.colcon_core.shell:Creating package descriptor '/home/kabilankb/isaac_lerobot_new/install/lerobot_so100/share/lerobot_so100/package.dsv'
[0.675s] INFO:colcon.colcon_core.shell:Creating package script '/home/kabilankb/isaac_lerobot_new/install/lerobot_so100/share/lerobot_so100/package.sh'
[0.676s] INFO:colcon.colcon_core.shell:Creating package script '/home/kabilankb/isaac_lerobot_new/install/lerobot_so100/share/lerobot_so100/package.bash'
[0.676s] INFO:colcon.colcon_core.shell:Creating package script '/home/kabilankb/isaac_lerobot_new/install/lerobot_so100/share/lerobot_so100/package.zsh'
[0.676s] Level 1:colcon.colcon_core.environment:create_file_with_runtime_dependencies(/home/kabilankb/isaac_lerobot_new/install/lerobot_so100/share/colcon-core/packages/lerobot_so100)
[0.677s] DEBUG:colcon.colcon_parallel_executor.executor.parallel:closing loop
[0.677s] DEBUG:colcon.colcon_parallel_executor.executor.parallel:loop closed
[0.677s] DEBUG:colcon.colcon_parallel_executor.executor.parallel:run_until_complete finished with '0'
[0.677s] DEBUG:colcon.colcon_core.event_reactor:joining thread
[0.683s] INFO:colcon.colcon_core.plugin_system:Skipping extension 'colcon_notification.desktop_notification.terminal_notifier': Not used on non-Darwin systems
[0.683s] INFO:colcon.colcon_core.plugin_system:Skipping extension 'colcon_notification.desktop_notification.win32': Not used on non-Windows systems
[0.683s] INFO:colcon.colcon_notification.desktop_notification:Sending desktop notification using 'notify2'
[0.696s] DEBUG:colcon.colcon_core.event_reactor:joined thread
[0.697s] INFO:colcon.colcon_core.shell:Creating prefix script '/home/kabilankb/isaac_lerobot_new/install/local_setup.ps1'
[0.698s] INFO:colcon.colcon_core.shell:Creating prefix util module '/home/kabilankb/isaac_lerobot_new/install/_local_setup_util_ps1.py'
[0.699s] INFO:colcon.colcon_core.shell:Creating prefix chain script '/home/kabilankb/isaac_lerobot_new/install/setup.ps1'
[0.700s] INFO:colcon.colcon_core.shell:Creating prefix script '/home/kabilankb/isaac_lerobot_new/install/local_setup.sh'
[0.701s] INFO:colcon.colcon_core.shell:Creating prefix util module '/home/kabilankb/isaac_lerobot_new/install/_local_setup_util_sh.py'
[0.702s] INFO:colcon.colcon_core.shell:Creating prefix chain script '/home/kabilankb/isaac_lerobot_new/install/setup.sh'
[0.703s] INFO:colcon.colcon_core.shell:Creating prefix script '/home/kabilankb/isaac_lerobot_new/install/local_setup.bash'
[0.704s] INFO:colcon.colcon_core.shell:Creating prefix chain script '/home/kabilankb/isaac_lerobot_new/install/setup.bash'
[0.705s] INFO:colcon.colcon_core.shell:Creating prefix script '/home/kabilankb/isaac_lerobot_new/install/local_setup.zsh'
[0.706s] INFO:colcon.colcon_core.shell:Creating prefix chain script '/home/kabilankb/isaac_lerobot_new/install/setup.zsh'
