[0.013s] Invoking command in '/home/kabilankb/isaac_lerobot_new/build/lerobot_so100': AMENT_PREFIX_PATH=/home/kabilankb/isaac_lerobot_new/install/so_100_arm:${AMENT_PREFIX_PATH} CMAKE_PREFIX_PATH=/home/kabilankb/isaac_lerobot_new/install/so_100_arm:/opt/ros/humble PS1=(ros_env) \[\e]0;\u@\h: \w\a\]${debian_chroot:+($debian_chroot)}\[\033[01;32m\]\u@\h\[\033[00m\]:\[\033[01;34m\]\w\[\033[00m\]\$ /usr/bin/cmake --build /home/kabilankb/isaac_lerobot_new/build/lerobot_so100 -- -j20 -l20
[0.070s] Invoked command in '/home/kabilankb/isaac_lerobot_new/build/lerobot_so100' returned '0': AMENT_PREFIX_PATH=/home/kabilankb/isaac_lerobot_new/install/so_100_arm:${AMENT_PREFIX_PATH} CMAKE_PREFIX_PATH=/home/kabilankb/isaac_lerobot_new/install/so_100_arm:/opt/ros/humble PS1=(ros_env) \[\e]0;\u@\h: \w\a\]${debian_chroot:+($debian_chroot)}\[\033[01;32m\]\u@\h\[\033[00m\]:\[\033[01;34m\]\w\[\033[00m\]\$ /usr/bin/cmake --build /home/kabilankb/isaac_lerobot_new/build/lerobot_so100 -- -j20 -l20
[0.073s] Invoking command in '/home/kabilankb/isaac_lerobot_new/build/lerobot_so100': AMENT_PREFIX_PATH=/home/kabilankb/isaac_lerobot_new/install/so_100_arm:${AMENT_PREFIX_PATH} CMAKE_PREFIX_PATH=/home/kabilankb/isaac_lerobot_new/install/so_100_arm:/opt/ros/humble PS1=(ros_env) \[\e]0;\u@\h: \w\a\]${debian_chroot:+($debian_chroot)}\[\033[01;32m\]\u@\h\[\033[00m\]:\[\033[01;34m\]\w\[\033[00m\]\$ /usr/bin/cmake --install /home/kabilankb/isaac_lerobot_new/build/lerobot_so100
[0.083s] -- Install configuration: ""
[0.084s] -- Up-to-date: /home/kabilankb/isaac_lerobot_new/install/lerobot_so100/share/ament_index/resource_index/package_run_dependencies/lerobot_so100
[0.084s] -- Up-to-date: /home/kabilankb/isaac_lerobot_new/install/lerobot_so100/share/ament_index/resource_index/parent_prefix_path/lerobot_so100
[0.085s] -- Up-to-date: /home/kabilankb/isaac_lerobot_new/install/lerobot_so100/share/lerobot_so100/environment/ament_prefix_path.sh
[0.085s] -- Up-to-date: /home/kabilankb/isaac_lerobot_new/install/lerobot_so100/share/lerobot_so100/environment/ament_prefix_path.dsv
[0.085s] -- Up-to-date: /home/kabilankb/isaac_lerobot_new/install/lerobot_so100/share/lerobot_so100/environment/path.sh
[0.085s] -- Up-to-date: /home/kabilankb/isaac_lerobot_new/install/lerobot_so100/share/lerobot_so100/environment/path.dsv
[0.086s] -- Up-to-date: /home/kabilankb/isaac_lerobot_new/install/lerobot_so100/share/lerobot_so100/local_setup.bash
[0.086s] -- Up-to-date: /home/kabilankb/isaac_lerobot_new/install/lerobot_so100/share/lerobot_so100/local_setup.sh
[0.086s] -- Up-to-date: /home/kabilankb/isaac_lerobot_new/install/lerobot_so100/share/lerobot_so100/local_setup.zsh
[0.086s] -- Up-to-date: /home/kabilankb/isaac_lerobot_new/install/lerobot_so100/share/lerobot_so100/local_setup.dsv
[0.086s] -- Installing: /home/kabilankb/isaac_lerobot_new/install/lerobot_so100/share/lerobot_so100/package.dsv
[0.086s] -- Up-to-date: /home/kabilankb/isaac_lerobot_new/install/lerobot_so100/share/ament_index/resource_index/packages/lerobot_so100
[0.086s] -- Up-to-date: /home/kabilankb/isaac_lerobot_new/install/lerobot_so100/share/lerobot_so100/cmake/lerobot_so100Config.cmake
[0.087s] -- Up-to-date: /home/kabilankb/isaac_lerobot_new/install/lerobot_so100/share/lerobot_so100/cmake/lerobot_so100Config-version.cmake
[0.087s] -- Up-to-date: /home/kabilankb/isaac_lerobot_new/install/lerobot_so100/share/lerobot_so100/package.xml
[0.087s] -- Up-to-date: /home/kabilankb/isaac_lerobot_new/install/lerobot_so100/share/lerobot_so100/launch
[0.087s] -- Up-to-date: /home/kabilankb/isaac_lerobot_new/install/lerobot_so100/share/lerobot_so100/launch/moveit_rviz.launch.py
[0.087s] -- Up-to-date: /home/kabilankb/isaac_lerobot_new/install/lerobot_so100/share/lerobot_so100/launch/demo.launch.py
[0.087s] -- Up-to-date: /home/kabilankb/isaac_lerobot_new/install/lerobot_so100/share/lerobot_so100/launch/spawn_controllers.launch.py
[0.087s] -- Up-to-date: /home/kabilankb/isaac_lerobot_new/install/lerobot_so100/share/lerobot_so100/launch/rsp.launch.py
[0.087s] -- Up-to-date: /home/kabilankb/isaac_lerobot_new/install/lerobot_so100/share/lerobot_so100/launch/static_virtual_joint_tfs.launch.py
[0.087s] -- Up-to-date: /home/kabilankb/isaac_lerobot_new/install/lerobot_so100/share/lerobot_so100/launch/__pycache__
[0.087s] -- Up-to-date: /home/kabilankb/isaac_lerobot_new/install/lerobot_so100/share/lerobot_so100/launch/__pycache__/demo.launch.cpython-310.pyc
[0.087s] -- Up-to-date: /home/kabilankb/isaac_lerobot_new/install/lerobot_so100/share/lerobot_so100/launch/move_group.launch.py
[0.088s] -- Up-to-date: /home/kabilankb/isaac_lerobot_new/install/lerobot_so100/share/lerobot_so100/launch/warehouse_db.launch.py
[0.088s] -- Up-to-date: /home/kabilankb/isaac_lerobot_new/install/lerobot_so100/share/lerobot_so100/launch/setup_assistant.launch.py
[0.088s] -- Up-to-date: /home/kabilankb/isaac_lerobot_new/install/lerobot_so100/share/lerobot_so100/config
[0.088s] -- Up-to-date: /home/kabilankb/isaac_lerobot_new/install/lerobot_so100/share/lerobot_so100/config/kinematics.yaml
[0.088s] -- Up-to-date: /home/kabilankb/isaac_lerobot_new/install/lerobot_so100/share/lerobot_so100/config/so_100_arm.urdf.xacro
[0.088s] -- Up-to-date: /home/kabilankb/isaac_lerobot_new/install/lerobot_so100/share/lerobot_so100/config/so_100_arm.ros2_control.xacro
[0.088s] -- Up-to-date: /home/kabilankb/isaac_lerobot_new/install/lerobot_so100/share/lerobot_so100/config/initial_positions.yaml
[0.088s] -- Up-to-date: /home/kabilankb/isaac_lerobot_new/install/lerobot_so100/share/lerobot_so100/config/joint_limits.yaml
[0.088s] -- Up-to-date: /home/kabilankb/isaac_lerobot_new/install/lerobot_so100/share/lerobot_so100/config/ros2_controllers.yaml
[0.088s] -- Up-to-date: /home/kabilankb/isaac_lerobot_new/install/lerobot_so100/share/lerobot_so100/config/moveit.rviz
[0.088s] -- Up-to-date: /home/kabilankb/isaac_lerobot_new/install/lerobot_so100/share/lerobot_so100/config/moveit_controllers.yaml
[0.088s] -- Up-to-date: /home/kabilankb/isaac_lerobot_new/install/lerobot_so100/share/lerobot_so100/config/so_100_arm.srdf
[0.088s] -- Up-to-date: /home/kabilankb/isaac_lerobot_new/install/lerobot_so100/share/lerobot_so100/config/pilz_cartesian_limits.yaml
[0.089s] -- Up-to-date: /home/kabilankb/isaac_lerobot_new/install/lerobot_so100/share/lerobot_so100/.setup_assistant
[0.091s] Invoked command in '/home/kabilankb/isaac_lerobot_new/build/lerobot_so100' returned '0': AMENT_PREFIX_PATH=/home/kabilankb/isaac_lerobot_new/install/so_100_arm:${AMENT_PREFIX_PATH} CMAKE_PREFIX_PATH=/home/kabilankb/isaac_lerobot_new/install/so_100_arm:/opt/ros/humble PS1=(ros_env) \[\e]0;\u@\h: \w\a\]${debian_chroot:+($debian_chroot)}\[\033[01;32m\]\u@\h\[\033[00m\]:\[\033[01;34m\]\w\[\033[00m\]\$ /usr/bin/cmake --install /home/kabilankb/isaac_lerobot_new/build/lerobot_so100
