[0.008s] Invoking command in '/home/kabilankb/isaac_lerobot_new/build/lerobot_so100': CMAKE_PREFIX_PATH=/home/kabilankb/isaac_lerobot_new/install/so_100_arm:/home/kabilankb/isaac_lerobot_new/install/lerobot_so100:/opt/ros/humble PS1=(ros_env) \[\e]0;\u@\h: \w\a\]${debian_chroot:+($debian_chroot)}\[\033[01;32m\]\u@\h\[\033[00m\]:\[\033[01;34m\]\w\[\033[00m\]\$ /usr/bin/cmake /home/kabilankb/isaac_lerobot_new/src/lerobot_so100 -DCMAKE_INSTALL_PREFIX=/home/kabilankb/isaac_lerobot_new/install/lerobot_so100
[0.077s] -- The C compiler identification is GNU 11.4.0
[0.138s] -- The CXX compiler identification is GNU 11.4.0
[0.147s] -- Detecting C compiler ABI info
[0.227s] -- Detecting C compiler ABI info - done
[0.235s] -- Check for working C compiler: /usr/bin/cc - skipped
[0.235s] -- Detecting C compile features
[0.236s] -- Detecting C compile features - done
[0.239s] -- Detecting CXX compiler ABI info
[0.328s] -- Detecting CXX compiler ABI info - done
[0.337s] -- Check for working CXX compiler: /usr/bin/c++ - skipped
[0.337s] -- Detecting CXX compile features
[0.338s] -- Detecting CXX compile features - done
[0.340s] -- Found ament_cmake: 1.3.11 (/opt/ros/humble/share/ament_cmake/cmake)
[0.819s] -- Found Python3: /home/kabilankb/isaac_lerobot_new/src/SO-100-arm/ros_env/bin/python3 (found version "3.13.1") found components: Interpreter 
[1.071s] -- Configuring done
[1.073s] -- Generating done
[1.074s] -- Build files have been written to: /home/kabilankb/isaac_lerobot_new/build/lerobot_so100
[1.079s] Invoked command in '/home/kabilankb/isaac_lerobot_new/build/lerobot_so100' returned '0': CMAKE_PREFIX_PATH=/home/kabilankb/isaac_lerobot_new/install/so_100_arm:/home/kabilankb/isaac_lerobot_new/install/lerobot_so100:/opt/ros/humble PS1=(ros_env) \[\e]0;\u@\h: \w\a\]${debian_chroot:+($debian_chroot)}\[\033[01;32m\]\u@\h\[\033[00m\]:\[\033[01;34m\]\w\[\033[00m\]\$ /usr/bin/cmake /home/kabilankb/isaac_lerobot_new/src/lerobot_so100 -DCMAKE_INSTALL_PREFIX=/home/kabilankb/isaac_lerobot_new/install/lerobot_so100
[1.081s] Invoking command in '/home/kabilankb/isaac_lerobot_new/build/lerobot_so100': CMAKE_PREFIX_PATH=/home/kabilankb/isaac_lerobot_new/install/so_100_arm:/home/kabilankb/isaac_lerobot_new/install/lerobot_so100:/opt/ros/humble PS1=(ros_env) \[\e]0;\u@\h: \w\a\]${debian_chroot:+($debian_chroot)}\[\033[01;32m\]\u@\h\[\033[00m\]:\[\033[01;34m\]\w\[\033[00m\]\$ /usr/bin/cmake --build /home/kabilankb/isaac_lerobot_new/build/lerobot_so100 -- -j20 -l20
[1.122s] Invoked command in '/home/kabilankb/isaac_lerobot_new/build/lerobot_so100' returned '0': CMAKE_PREFIX_PATH=/home/kabilankb/isaac_lerobot_new/install/so_100_arm:/home/kabilankb/isaac_lerobot_new/install/lerobot_so100:/opt/ros/humble PS1=(ros_env) \[\e]0;\u@\h: \w\a\]${debian_chroot:+($debian_chroot)}\[\033[01;32m\]\u@\h\[\033[00m\]:\[\033[01;34m\]\w\[\033[00m\]\$ /usr/bin/cmake --build /home/kabilankb/isaac_lerobot_new/build/lerobot_so100 -- -j20 -l20
[1.124s] Invoking command in '/home/kabilankb/isaac_lerobot_new/build/lerobot_so100': CMAKE_PREFIX_PATH=/home/kabilankb/isaac_lerobot_new/install/so_100_arm:/home/kabilankb/isaac_lerobot_new/install/lerobot_so100:/opt/ros/humble PS1=(ros_env) \[\e]0;\u@\h: \w\a\]${debian_chroot:+($debian_chroot)}\[\033[01;32m\]\u@\h\[\033[00m\]:\[\033[01;34m\]\w\[\033[00m\]\$ /usr/bin/cmake --install /home/kabilankb/isaac_lerobot_new/build/lerobot_so100
[1.132s] -- Install configuration: ""
[1.132s] -- Installing: /home/kabilankb/isaac_lerobot_new/install/lerobot_so100/share/ament_index/resource_index/package_run_dependencies/lerobot_so100
[1.132s] -- Installing: /home/kabilankb/isaac_lerobot_new/install/lerobot_so100/share/ament_index/resource_index/parent_prefix_path/lerobot_so100
[1.132s] -- Installing: /home/kabilankb/isaac_lerobot_new/install/lerobot_so100/share/lerobot_so100/environment/ament_prefix_path.sh
[1.132s] -- Installing: /home/kabilankb/isaac_lerobot_new/install/lerobot_so100/share/lerobot_so100/environment/ament_prefix_path.dsv
[1.132s] -- Installing: /home/kabilankb/isaac_lerobot_new/install/lerobot_so100/share/lerobot_so100/environment/path.sh
[1.133s] -- Installing: /home/kabilankb/isaac_lerobot_new/install/lerobot_so100/share/lerobot_so100/environment/path.dsv
[1.133s] -- Installing: /home/kabilankb/isaac_lerobot_new/install/lerobot_so100/share/lerobot_so100/local_setup.bash
[1.133s] -- Installing: /home/kabilankb/isaac_lerobot_new/install/lerobot_so100/share/lerobot_so100/local_setup.sh
[1.133s] -- Installing: /home/kabilankb/isaac_lerobot_new/install/lerobot_so100/share/lerobot_so100/local_setup.zsh
[1.133s] -- Installing: /home/kabilankb/isaac_lerobot_new/install/lerobot_so100/share/lerobot_so100/local_setup.dsv
[1.133s] -- Installing: /home/kabilankb/isaac_lerobot_new/install/lerobot_so100/share/lerobot_so100/package.dsv
[1.133s] -- Installing: /home/kabilankb/isaac_lerobot_new/install/lerobot_so100/share/ament_index/resource_index/packages/lerobot_so100
[1.133s] -- Installing: /home/kabilankb/isaac_lerobot_new/install/lerobot_so100/share/lerobot_so100/cmake/lerobot_so100Config.cmake
[1.133s] -- Installing: /home/kabilankb/isaac_lerobot_new/install/lerobot_so100/share/lerobot_so100/cmake/lerobot_so100Config-version.cmake
[1.133s] -- Installing: /home/kabilankb/isaac_lerobot_new/install/lerobot_so100/share/lerobot_so100/package.xml
[1.133s] -- Installing: /home/kabilankb/isaac_lerobot_new/install/lerobot_so100/share/lerobot_so100/launch
[1.133s] -- Installing: /home/kabilankb/isaac_lerobot_new/install/lerobot_so100/share/lerobot_so100/launch/moveit_rviz.launch.py
[1.133s] -- Installing: /home/kabilankb/isaac_lerobot_new/install/lerobot_so100/share/lerobot_so100/launch/demo.launch.py
[1.133s] -- Installing: /home/kabilankb/isaac_lerobot_new/install/lerobot_so100/share/lerobot_so100/launch/spawn_controllers.launch.py
[1.133s] -- Installing: /home/kabilankb/isaac_lerobot_new/install/lerobot_so100/share/lerobot_so100/launch/rsp.launch.py
[1.133s] -- Installing: /home/kabilankb/isaac_lerobot_new/install/lerobot_so100/share/lerobot_so100/launch/static_virtual_joint_tfs.launch.py
[1.134s] -- Installing: /home/kabilankb/isaac_lerobot_new/install/lerobot_so100/share/lerobot_so100/launch/__pycache__
[1.134s] -- Installing: /home/kabilankb/isaac_lerobot_new/install/lerobot_so100/share/lerobot_so100/launch/__pycache__/demo.launch.cpython-310.pyc
[1.134s] -- Installing: /home/kabilankb/isaac_lerobot_new/install/lerobot_so100/share/lerobot_so100/launch/move_group.launch.py
[1.134s] -- Installing: /home/kabilankb/isaac_lerobot_new/install/lerobot_so100/share/lerobot_so100/launch/warehouse_db.launch.py
[1.134s] -- Installing: /home/kabilankb/isaac_lerobot_new/install/lerobot_so100/share/lerobot_so100/launch/setup_assistant.launch.py
[1.134s] -- Installing: /home/kabilankb/isaac_lerobot_new/install/lerobot_so100/share/lerobot_so100/config
[1.134s] -- Installing: /home/kabilankb/isaac_lerobot_new/install/lerobot_so100/share/lerobot_so100/config/kinematics.yaml
[1.134s] -- Installing: /home/kabilankb/isaac_lerobot_new/install/lerobot_so100/share/lerobot_so100/config/so_100_arm.urdf.xacro
[1.134s] -- Installing: /home/kabilankb/isaac_lerobot_new/install/lerobot_so100/share/lerobot_so100/config/so_100_arm.ros2_control.xacro
[1.134s] -- Installing: /home/kabilankb/isaac_lerobot_new/install/lerobot_so100/share/lerobot_so100/config/initial_positions.yaml
[1.134s] -- Installing: /home/kabilankb/isaac_lerobot_new/install/lerobot_so100/share/lerobot_so100/config/joint_limits.yaml
[1.134s] -- Installing: /home/kabilankb/isaac_lerobot_new/install/lerobot_so100/share/lerobot_so100/config/ros2_controllers.yaml
[1.134s] -- Installing: /home/kabilankb/isaac_lerobot_new/install/lerobot_so100/share/lerobot_so100/config/moveit.rviz
[1.134s] -- Installing: /home/kabilankb/isaac_lerobot_new/install/lerobot_so100/share/lerobot_so100/config/moveit_controllers.yaml
[1.134s] -- Installing: /home/kabilankb/isaac_lerobot_new/install/lerobot_so100/share/lerobot_so100/config/so_100_arm.srdf
[1.134s] -- Installing: /home/kabilankb/isaac_lerobot_new/install/lerobot_so100/share/lerobot_so100/config/pilz_cartesian_limits.yaml
[1.135s] -- Installing: /home/kabilankb/isaac_lerobot_new/install/lerobot_so100/share/lerobot_so100/.setup_assistant
[1.136s] Invoked command in '/home/kabilankb/isaac_lerobot_new/build/lerobot_so100' returned '0': CMAKE_PREFIX_PATH=/home/kabilankb/isaac_lerobot_new/install/so_100_arm:/home/kabilankb/isaac_lerobot_new/install/lerobot_so100:/opt/ros/humble PS1=(ros_env) \[\e]0;\u@\h: \w\a\]${debian_chroot:+($debian_chroot)}\[\033[01;32m\]\u@\h\[\033[00m\]:\[\033[01;34m\]\w\[\033[00m\]\$ /usr/bin/cmake --install /home/kabilankb/isaac_lerobot_new/build/lerobot_so100
