-- Install configuration: ""
-- Up-to-date: /home/kabilankb/isaac_lerobot_new/install/lerobot_so100/share/ament_index/resource_index/package_run_dependencies/lerobot_so100
-- Up-to-date: /home/kabilankb/isaac_lerobot_new/install/lerobot_so100/share/ament_index/resource_index/parent_prefix_path/lerobot_so100
-- Up-to-date: /home/kabilankb/isaac_lerobot_new/install/lerobot_so100/share/lerobot_so100/environment/ament_prefix_path.sh
-- Up-to-date: /home/kabilankb/isaac_lerobot_new/install/lerobot_so100/share/lerobot_so100/environment/ament_prefix_path.dsv
-- Up-to-date: /home/kabilankb/isaac_lerobot_new/install/lerobot_so100/share/lerobot_so100/environment/path.sh
-- Up-to-date: /home/kabilankb/isaac_lerobot_new/install/lerobot_so100/share/lerobot_so100/environment/path.dsv
-- Up-to-date: /home/kabilankb/isaac_lerobot_new/install/lerobot_so100/share/lerobot_so100/local_setup.bash
-- Up-to-date: /home/kabilankb/isaac_lerobot_new/install/lerobot_so100/share/lerobot_so100/local_setup.sh
-- Up-to-date: /home/kabilankb/isaac_lerobot_new/install/lerobot_so100/share/lerobot_so100/local_setup.zsh
-- Up-to-date: /home/kabilankb/isaac_lerobot_new/install/lerobot_so100/share/lerobot_so100/local_setup.dsv
-- Up-to-date: /home/kabilankb/isaac_lerobot_new/install/lerobot_so100/share/lerobot_so100/package.dsv
-- Up-to-date: /home/kabilankb/isaac_lerobot_new/install/lerobot_so100/share/ament_index/resource_index/packages/lerobot_so100
-- Up-to-date: /home/kabilankb/isaac_lerobot_new/install/lerobot_so100/share/lerobot_so100/cmake/lerobot_so100Config.cmake
-- Up-to-date: /home/kabilankb/isaac_lerobot_new/install/lerobot_so100/share/lerobot_so100/cmake/lerobot_so100Config-version.cmake
-- Up-to-date: /home/kabilankb/isaac_lerobot_new/install/lerobot_so100/share/lerobot_so100/package.xml
-- Up-to-date: /home/kabilankb/isaac_lerobot_new/install/lerobot_so100/share/lerobot_so100/launch
-- Up-to-date: /home/kabilankb/isaac_lerobot_new/install/lerobot_so100/share/lerobot_so100/launch/moveit_rviz.launch.py
-- Up-to-date: /home/kabilankb/isaac_lerobot_new/install/lerobot_so100/share/lerobot_so100/launch/demo.launch.py
-- Up-to-date: /home/kabilankb/isaac_lerobot_new/install/lerobot_so100/share/lerobot_so100/launch/spawn_controllers.launch.py
-- Up-to-date: /home/kabilankb/isaac_lerobot_new/install/lerobot_so100/share/lerobot_so100/launch/rsp.launch.py
-- Up-to-date: /home/kabilankb/isaac_lerobot_new/install/lerobot_so100/share/lerobot_so100/launch/static_virtual_joint_tfs.launch.py
-- Up-to-date: /home/kabilankb/isaac_lerobot_new/install/lerobot_so100/share/lerobot_so100/launch/__pycache__
-- Up-to-date: /home/kabilankb/isaac_lerobot_new/install/lerobot_so100/share/lerobot_so100/launch/__pycache__/demo.launch.cpython-310.pyc
-- Up-to-date: /home/kabilankb/isaac_lerobot_new/install/lerobot_so100/share/lerobot_so100/launch/move_group.launch.py
-- Up-to-date: /home/kabilankb/isaac_lerobot_new/install/lerobot_so100/share/lerobot_so100/launch/warehouse_db.launch.py
-- Up-to-date: /home/kabilankb/isaac_lerobot_new/install/lerobot_so100/share/lerobot_so100/launch/setup_assistant.launch.py
-- Up-to-date: /home/kabilankb/isaac_lerobot_new/install/lerobot_so100/share/lerobot_so100/config
-- Up-to-date: /home/kabilankb/isaac_lerobot_new/install/lerobot_so100/share/lerobot_so100/config/kinematics.yaml
-- Up-to-date: /home/kabilankb/isaac_lerobot_new/install/lerobot_so100/share/lerobot_so100/config/so_100_arm.urdf.xacro
-- Up-to-date: /home/kabilankb/isaac_lerobot_new/install/lerobot_so100/share/lerobot_so100/config/so_100_arm.ros2_control.xacro
-- Up-to-date: /home/kabilankb/isaac_lerobot_new/install/lerobot_so100/share/lerobot_so100/config/initial_positions.yaml
-- Up-to-date: /home/kabilankb/isaac_lerobot_new/install/lerobot_so100/share/lerobot_so100/config/joint_limits.yaml
-- Up-to-date: /home/kabilankb/isaac_lerobot_new/install/lerobot_so100/share/lerobot_so100/config/ros2_controllers.yaml
-- Up-to-date: /home/kabilankb/isaac_lerobot_new/install/lerobot_so100/share/lerobot_so100/config/moveit.rviz
-- Up-to-date: /home/kabilankb/isaac_lerobot_new/install/lerobot_so100/share/lerobot_so100/config/moveit_controllers.yaml
-- Up-to-date: /home/kabilankb/isaac_lerobot_new/install/lerobot_so100/share/lerobot_so100/config/so_100_arm.srdf
-- Up-to-date: /home/kabilankb/isaac_lerobot_new/install/lerobot_so100/share/lerobot_so100/config/pilz_cartesian_limits.yaml
-- Up-to-date: /home/kabilankb/isaac_lerobot_new/install/lerobot_so100/share/lerobot_so100/.setup_assistant
