[0.010s] Invoking command in '/home/kabilankb/isaac_lerobot_new/build/so_100_arm': CMAKE_PREFIX_PATH=${CMAKE_PREFIX_PATH}:/opt/ros/humble PS1=(ros_env) \[\e]0;\u@\h: \w\a\]${debian_chroot:+($debian_chroot)}\[\033[01;32m\]\u@\h\[\033[00m\]:\[\033[01;34m\]\w\[\033[00m\]\$ /usr/bin/cmake /home/kabilankb/isaac_lerobot_new/src/SO-100-arm -DCMAKE_INSTALL_PREFIX=/home/kabilankb/isaac_lerobot_new/install/so_100_arm
[0.082s] -- The C compiler identification is GNU 11.4.0
[0.156s] -- The CXX compiler identification is GNU 11.4.0
[0.164s] -- Detecting C compiler ABI info
[0.243s] -- Detecting C compiler ABI info - done
[0.252s] -- Check for working C compiler: /usr/bin/cc - skipped
[0.252s] -- Detecting C compile features
[0.252s] -- Detecting C compile features - done
[0.256s] -- Detecting CXX compiler ABI info
[0.346s] -- Detecting CXX compiler ABI info - done
[0.355s] -- Check for working CXX compiler: /usr/bin/c++ - skipped
[0.355s] -- Detecting CXX compile features
[0.356s] -- Detecting CXX compile features - done
[0.359s] -- Found ament_cmake: 1.3.11 (/opt/ros/humble/share/ament_cmake/cmake)
[0.839s] -- Found Python3: /home/kabilankb/isaac_lerobot_new/src/SO-100-arm/ros_env/bin/python3 (found version "3.13.1") found components: Interpreter 
[1.084s] -- Configuring done
[1.086s] -- Generating done
[1.088s] -- Build files have been written to: /home/kabilankb/isaac_lerobot_new/build/so_100_arm
[1.093s] Invoked command in '/home/kabilankb/isaac_lerobot_new/build/so_100_arm' returned '0': CMAKE_PREFIX_PATH=${CMAKE_PREFIX_PATH}:/opt/ros/humble PS1=(ros_env) \[\e]0;\u@\h: \w\a\]${debian_chroot:+($debian_chroot)}\[\033[01;32m\]\u@\h\[\033[00m\]:\[\033[01;34m\]\w\[\033[00m\]\$ /usr/bin/cmake /home/kabilankb/isaac_lerobot_new/src/SO-100-arm -DCMAKE_INSTALL_PREFIX=/home/kabilankb/isaac_lerobot_new/install/so_100_arm
[1.094s] Invoking command in '/home/kabilankb/isaac_lerobot_new/build/so_100_arm': CMAKE_PREFIX_PATH=${CMAKE_PREFIX_PATH}:/opt/ros/humble PS1=(ros_env) \[\e]0;\u@\h: \w\a\]${debian_chroot:+($debian_chroot)}\[\033[01;32m\]\u@\h\[\033[00m\]:\[\033[01;34m\]\w\[\033[00m\]\$ /usr/bin/cmake --build /home/kabilankb/isaac_lerobot_new/build/so_100_arm -- -j20 -l20
[1.133s] Invoked command in '/home/kabilankb/isaac_lerobot_new/build/so_100_arm' returned '0': CMAKE_PREFIX_PATH=${CMAKE_PREFIX_PATH}:/opt/ros/humble PS1=(ros_env) \[\e]0;\u@\h: \w\a\]${debian_chroot:+($debian_chroot)}\[\033[01;32m\]\u@\h\[\033[00m\]:\[\033[01;34m\]\w\[\033[00m\]\$ /usr/bin/cmake --build /home/kabilankb/isaac_lerobot_new/build/so_100_arm -- -j20 -l20
[1.145s] Invoking command in '/home/kabilankb/isaac_lerobot_new/build/so_100_arm': CMAKE_PREFIX_PATH=${CMAKE_PREFIX_PATH}:/opt/ros/humble PS1=(ros_env) \[\e]0;\u@\h: \w\a\]${debian_chroot:+($debian_chroot)}\[\033[01;32m\]\u@\h\[\033[00m\]:\[\033[01;34m\]\w\[\033[00m\]\$ /usr/bin/cmake --install /home/kabilankb/isaac_lerobot_new/build/so_100_arm
[1.155s] -- Install configuration: ""
[1.155s] -- Installing: /home/kabilankb/isaac_lerobot_new/install/so_100_arm/share/so_100_arm/launch
[1.155s] -- Installing: /home/kabilankb/isaac_lerobot_new/install/so_100_arm/share/so_100_arm/launch/moveit_rviz.launch.py
[1.155s] -- Installing: /home/kabilankb/isaac_lerobot_new/install/so_100_arm/share/so_100_arm/launch/demo.launch.py
[1.155s] -- Installing: /home/kabilankb/isaac_lerobot_new/install/so_100_arm/share/so_100_arm/launch/rviz.launch.py
[1.155s] -- Installing: /home/kabilankb/isaac_lerobot_new/install/so_100_arm/share/so_100_arm/launch/spawn_controllers.launch.py
[1.155s] -- Installing: /home/kabilankb/isaac_lerobot_new/install/so_100_arm/share/so_100_arm/launch/rsp.launch.py
[1.156s] -- Installing: /home/kabilankb/isaac_lerobot_new/install/so_100_arm/share/so_100_arm/launch/static_virtual_joint_tfs.launch.py
[1.156s] -- Installing: /home/kabilankb/isaac_lerobot_new/install/so_100_arm/share/so_100_arm/launch/move_group.launch.py
[1.156s] -- Installing: /home/kabilankb/isaac_lerobot_new/install/so_100_arm/share/so_100_arm/launch/warehouse_db.launch.py
[1.156s] -- Installing: /home/kabilankb/isaac_lerobot_new/install/so_100_arm/share/so_100_arm/launch/setup_assistant.launch.py
[1.156s] -- Installing: /home/kabilankb/isaac_lerobot_new/install/so_100_arm/share/so_100_arm/launch/gz.launch.py
[1.156s] -- Installing: /home/kabilankb/isaac_lerobot_new/install/so_100_arm/share/so_100_arm/.setup_assistant
[1.156s] -- Installing: /home/kabilankb/isaac_lerobot_new/install/so_100_arm/share/ament_index/resource_index/package_run_dependencies/so_100_arm
[1.156s] -- Installing: /home/kabilankb/isaac_lerobot_new/install/so_100_arm/share/ament_index/resource_index/parent_prefix_path/so_100_arm
[1.156s] -- Installing: /home/kabilankb/isaac_lerobot_new/install/so_100_arm/share/so_100_arm/environment/ament_prefix_path.sh
[1.156s] -- Installing: /home/kabilankb/isaac_lerobot_new/install/so_100_arm/share/so_100_arm/environment/ament_prefix_path.dsv
[1.157s] -- Installing: /home/kabilankb/isaac_lerobot_new/install/so_100_arm/share/so_100_arm/environment/path.sh
[1.157s] -- Installing: /home/kabilankb/isaac_lerobot_new/install/so_100_arm/share/so_100_arm/environment/path.dsv
[1.157s] -- Installing: /home/kabilankb/isaac_lerobot_new/install/so_100_arm/share/so_100_arm/local_setup.bash
[1.157s] -- Installing: /home/kabilankb/isaac_lerobot_new/install/so_100_arm/share/so_100_arm/local_setup.sh
[1.157s] -- Installing: /home/kabilankb/isaac_lerobot_new/install/so_100_arm/share/so_100_arm/local_setup.zsh
[1.157s] -- Installing: /home/kabilankb/isaac_lerobot_new/install/so_100_arm/share/so_100_arm/local_setup.dsv
[1.157s] -- Installing: /home/kabilankb/isaac_lerobot_new/install/so_100_arm/share/so_100_arm/package.dsv
[1.157s] -- Installing: /home/kabilankb/isaac_lerobot_new/install/so_100_arm/share/ament_index/resource_index/packages/so_100_arm
[1.157s] -- Installing: /home/kabilankb/isaac_lerobot_new/install/so_100_arm/share/so_100_arm/cmake/so_100_armConfig.cmake
[1.157s] -- Installing: /home/kabilankb/isaac_lerobot_new/install/so_100_arm/share/so_100_arm/cmake/so_100_armConfig-version.cmake
[1.157s] -- Installing: /home/kabilankb/isaac_lerobot_new/install/so_100_arm/share/so_100_arm/package.xml
[1.159s] Invoked command in '/home/kabilankb/isaac_lerobot_new/build/so_100_arm' returned '0': CMAKE_PREFIX_PATH=${CMAKE_PREFIX_PATH}:/opt/ros/humble PS1=(ros_env) \[\e]0;\u@\h: \w\a\]${debian_chroot:+($debian_chroot)}\[\033[01;32m\]\u@\h\[\033[00m\]:\[\033[01;34m\]\w\[\033[00m\]\$ /usr/bin/cmake --install /home/kabilankb/isaac_lerobot_new/build/so_100_arm
