-- Install configuration: ""
-- Up-to-date: /home/kabilankb/isaac_lerobot_new/install/so_100_arm/share/so_100_arm/launch
-- Up-to-date: /home/kabilankb/isaac_lerobot_new/install/so_100_arm/share/so_100_arm/launch/moveit_rviz.launch.py
-- Up-to-date: /home/kabilankb/isaac_lerobot_new/install/so_100_arm/share/so_100_arm/launch/demo.launch.py
-- Up-to-date: /home/kabilankb/isaac_lerobot_new/install/so_100_arm/share/so_100_arm/launch/rviz.launch.py
-- Up-to-date: /home/kabilankb/isaac_lerobot_new/install/so_100_arm/share/so_100_arm/launch/spawn_controllers.launch.py
-- Up-to-date: /home/kabilankb/isaac_lerobot_new/install/so_100_arm/share/so_100_arm/launch/rsp.launch.py
-- Up-to-date: /home/kabilankb/isaac_lerobot_new/install/so_100_arm/share/so_100_arm/launch/static_virtual_joint_tfs.launch.py
-- Up-to-date: /home/kabilankb/isaac_lerobot_new/install/so_100_arm/share/so_100_arm/launch/__pycache__
-- Up-to-date: /home/kabilankb/isaac_lerobot_new/install/so_100_arm/share/so_100_arm/launch/__pycache__/demo.launch.cpython-310.pyc
-- Up-to-date: /home/kabilankb/isaac_lerobot_new/install/so_100_arm/share/so_100_arm/launch/move_group.launch.py
-- Installing: /home/kabilankb/isaac_lerobot_new/install/so_100_arm/share/so_100_arm/launch/so_100_armso_BaseFixed_Gripper_5000_1.000000_1.000000.ikcache
-- Up-to-date: /home/kabilankb/isaac_lerobot_new/install/so_100_arm/share/so_100_arm/launch/warehouse_db.launch.py
-- Up-to-date: /home/kabilankb/isaac_lerobot_new/install/so_100_arm/share/so_100_arm/launch/setup_assistant.launch.py
-- Up-to-date: /home/kabilankb/isaac_lerobot_new/install/so_100_arm/share/so_100_arm/launch/gz.launch.py
-- Up-to-date: /home/kabilankb/isaac_lerobot_new/install/so_100_arm/share/so_100_arm/.setup_assistant
-- Up-to-date: /home/kabilankb/isaac_lerobot_new/install/so_100_arm/share/ament_index/resource_index/package_run_dependencies/so_100_arm
-- Up-to-date: /home/kabilankb/isaac_lerobot_new/install/so_100_arm/share/ament_index/resource_index/parent_prefix_path/so_100_arm
-- Up-to-date: /home/kabilankb/isaac_lerobot_new/install/so_100_arm/share/so_100_arm/environment/ament_prefix_path.sh
-- Up-to-date: /home/kabilankb/isaac_lerobot_new/install/so_100_arm/share/so_100_arm/environment/ament_prefix_path.dsv
-- Up-to-date: /home/kabilankb/isaac_lerobot_new/install/so_100_arm/share/so_100_arm/environment/path.sh
-- Up-to-date: /home/kabilankb/isaac_lerobot_new/install/so_100_arm/share/so_100_arm/environment/path.dsv
-- Up-to-date: /home/kabilankb/isaac_lerobot_new/install/so_100_arm/share/so_100_arm/local_setup.bash
-- Up-to-date: /home/kabilankb/isaac_lerobot_new/install/so_100_arm/share/so_100_arm/local_setup.sh
-- Up-to-date: /home/kabilankb/isaac_lerobot_new/install/so_100_arm/share/so_100_arm/local_setup.zsh
-- Up-to-date: /home/kabilankb/isaac_lerobot_new/install/so_100_arm/share/so_100_arm/local_setup.dsv
-- Installing: /home/kabilankb/isaac_lerobot_new/install/so_100_arm/share/so_100_arm/package.dsv
-- Up-to-date: /home/kabilankb/isaac_lerobot_new/install/so_100_arm/share/ament_index/resource_index/packages/so_100_arm
-- Up-to-date: /home/kabilankb/isaac_lerobot_new/install/so_100_arm/share/so_100_arm/cmake/so_100_armConfig.cmake
-- Up-to-date: /home/kabilankb/isaac_lerobot_new/install/so_100_arm/share/so_100_arm/cmake/so_100_armConfig-version.cmake
-- Up-to-date: /home/kabilankb/isaac_lerobot_new/install/so_100_arm/share/so_100_arm/package.xml
