[0.109s] DEBUG:colcon:Command line arguments: ['/usr/bin/colcon', 'build']
[0.109s] DEBUG:colcon:Parsed command line arguments: Namespace(log_base=None, log_level=None, verb_name='build', build_base='build', install_base='install', merge_install=False, symlink_install=False, test_result_base=None, continue_on_error=False, executor='parallel', parallel_workers=20, event_handlers=None, ignore_user_meta=False, metas=['./colcon.meta'], base_paths=['.'], packages_ignore=None, packages_ignore_regex=None, paths=None, packages_up_to=None, packages_up_to_regex=None, packages_above=None, packages_above_and_dependencies=None, packages_above_depth=None, packages_select_by_dep=None, packages_skip_by_dep=None, packages_skip_up_to=None, packages_select_build_failed=False, packages_skip_build_finished=False, packages_select_test_failures=False, packages_skip_test_passed=False, packages_select=None, packages_skip=None, packages_select_regex=None, packages_skip_regex=None, packages_start=None, packages_end=None, allow_overriding=[], cmake_args=None, cmake_target=None, cmake_target_skip_unavailable=False, cmake_clean_cache=False, cmake_clean_first=False, cmake_force_configure=False, ament_cmake_args=None, catkin_cmake_args=None, catkin_skip_building_tests=False, mixin_files=None, mixin=None, verb_parser=<colcon_mixin.mixin.mixin_argument.MixinArgumentDecorator object at 0x7b69cc3cca00>, verb_extension=<colcon_core.verb.build.BuildVerb object at 0x7b69cc4c5f90>, main=<bound method BuildVerb.main of <colcon_core.verb.build.BuildVerb object at 0x7b69cc4c5f90>>, mixin_verb=('build',))
[0.352s] Level 1:colcon.colcon_core.package_discovery:discover_packages(colcon_meta) check parameters
[0.352s] Level 1:colcon.colcon_core.package_discovery:discover_packages(recursive) check parameters
[0.352s] Level 1:colcon.colcon_core.package_discovery:discover_packages(ignore) check parameters
[0.352s] Level 1:colcon.colcon_core.package_discovery:discover_packages(path) check parameters
[0.352s] Level 1:colcon.colcon_core.package_discovery:discover_packages(colcon_meta) discover
[0.352s] Level 1:colcon.colcon_core.package_discovery:discover_packages(recursive) discover
[0.352s] INFO:colcon.colcon_core.package_discovery:Crawling recursively for packages in '/home/kabilankb/isaac_lerobot_new'
[0.352s] Level 1:colcon.colcon_core.package_identification:_identify(.) by extensions ['ignore', 'ignore_ament_install']
[0.352s] Level 1:colcon.colcon_core.package_identification:_identify(.) by extension 'ignore'
[0.352s] Level 1:colcon.colcon_core.package_identification:_identify(.) by extension 'ignore_ament_install'
[0.352s] Level 1:colcon.colcon_core.package_identification:_identify(.) by extensions ['colcon_pkg']
[0.352s] Level 1:colcon.colcon_core.package_identification:_identify(.) by extension 'colcon_pkg'
[0.352s] Level 1:colcon.colcon_core.package_identification:_identify(.) by extensions ['colcon_meta']
[0.352s] Level 1:colcon.colcon_core.package_identification:_identify(.) by extension 'colcon_meta'
[0.353s] Level 1:colcon.colcon_core.package_identification:_identify(.) by extensions ['ros']
[0.353s] Level 1:colcon.colcon_core.package_identification:_identify(.) by extension 'ros'
[0.365s] Level 1:colcon.colcon_core.package_identification:_identify(.) by extensions ['cmake', 'python']
[0.365s] Level 1:colcon.colcon_core.package_identification:_identify(.) by extension 'cmake'
[0.365s] Level 1:colcon.colcon_core.package_identification:_identify(.) by extension 'python'
[0.365s] Level 1:colcon.colcon_core.package_identification:_identify(.) by extensions ['python_setup_py']
[0.365s] Level 1:colcon.colcon_core.package_identification:_identify(.) by extension 'python_setup_py'
[0.365s] Level 1:colcon.colcon_core.package_identification:_identify(build) by extensions ['ignore', 'ignore_ament_install']
[0.365s] Level 1:colcon.colcon_core.package_identification:_identify(build) by extension 'ignore'
[0.365s] Level 1:colcon.colcon_core.package_identification:_identify(build) ignored
[0.365s] Level 1:colcon.colcon_core.package_identification:_identify(install) by extensions ['ignore', 'ignore_ament_install']
[0.366s] Level 1:colcon.colcon_core.package_identification:_identify(install) by extension 'ignore'
[0.366s] Level 1:colcon.colcon_core.package_identification:_identify(install) ignored
[0.366s] Level 1:colcon.colcon_core.package_identification:_identify(log) by extensions ['ignore', 'ignore_ament_install']
[0.366s] Level 1:colcon.colcon_core.package_identification:_identify(log) by extension 'ignore'
[0.366s] Level 1:colcon.colcon_core.package_identification:_identify(log) ignored
[0.366s] Level 1:colcon.colcon_core.package_identification:_identify(src) by extensions ['ignore', 'ignore_ament_install']
[0.366s] Level 1:colcon.colcon_core.package_identification:_identify(src) by extension 'ignore'
[0.366s] Level 1:colcon.colcon_core.package_identification:_identify(src) by extension 'ignore_ament_install'
[0.366s] Level 1:colcon.colcon_core.package_identification:_identify(src) by extensions ['colcon_pkg']
[0.366s] Level 1:colcon.colcon_core.package_identification:_identify(src) by extension 'colcon_pkg'
[0.366s] Level 1:colcon.colcon_core.package_identification:_identify(src) by extensions ['colcon_meta']
[0.366s] Level 1:colcon.colcon_core.package_identification:_identify(src) by extension 'colcon_meta'
[0.366s] Level 1:colcon.colcon_core.package_identification:_identify(src) by extensions ['ros']
[0.366s] Level 1:colcon.colcon_core.package_identification:_identify(src) by extension 'ros'
[0.366s] Level 1:colcon.colcon_core.package_identification:_identify(src) by extensions ['cmake', 'python']
[0.366s] Level 1:colcon.colcon_core.package_identification:_identify(src) by extension 'cmake'
[0.366s] Level 1:colcon.colcon_core.package_identification:_identify(src) by extension 'python'
[0.366s] Level 1:colcon.colcon_core.package_identification:_identify(src) by extensions ['python_setup_py']
[0.366s] Level 1:colcon.colcon_core.package_identification:_identify(src) by extension 'python_setup_py'
[0.367s] Level 1:colcon.colcon_core.package_identification:_identify(src/SO-100-arm) by extensions ['ignore', 'ignore_ament_install']
[0.367s] Level 1:colcon.colcon_core.package_identification:_identify(src/SO-100-arm) by extension 'ignore'
[0.367s] Level 1:colcon.colcon_core.package_identification:_identify(src/SO-100-arm) by extension 'ignore_ament_install'
[0.367s] Level 1:colcon.colcon_core.package_identification:_identify(src/SO-100-arm) by extensions ['colcon_pkg']
[0.367s] Level 1:colcon.colcon_core.package_identification:_identify(src/SO-100-arm) by extension 'colcon_pkg'
[0.367s] Level 1:colcon.colcon_core.package_identification:_identify(src/SO-100-arm) by extensions ['colcon_meta']
[0.367s] Level 1:colcon.colcon_core.package_identification:_identify(src/SO-100-arm) by extension 'colcon_meta'
[0.367s] Level 1:colcon.colcon_core.package_identification:_identify(src/SO-100-arm) by extensions ['ros']
[0.367s] Level 1:colcon.colcon_core.package_identification:_identify(src/SO-100-arm) by extension 'ros'
[0.370s] DEBUG:colcon.colcon_core.package_identification:Package 'src/SO-100-arm' with type 'ros.ament_cmake' and name 'so_100_arm'
[0.370s] Level 1:colcon.colcon_core.package_identification:_identify(src/lerobot_so100) by extensions ['ignore', 'ignore_ament_install']
[0.370s] Level 1:colcon.colcon_core.package_identification:_identify(src/lerobot_so100) by extension 'ignore'
[0.370s] Level 1:colcon.colcon_core.package_identification:_identify(src/lerobot_so100) by extension 'ignore_ament_install'
[0.370s] Level 1:colcon.colcon_core.package_identification:_identify(src/lerobot_so100) by extensions ['colcon_pkg']
[0.370s] Level 1:colcon.colcon_core.package_identification:_identify(src/lerobot_so100) by extension 'colcon_pkg'
[0.370s] Level 1:colcon.colcon_core.package_identification:_identify(src/lerobot_so100) by extensions ['colcon_meta']
[0.370s] Level 1:colcon.colcon_core.package_identification:_identify(src/lerobot_so100) by extension 'colcon_meta'
[0.371s] Level 1:colcon.colcon_core.package_identification:_identify(src/lerobot_so100) by extensions ['ros']
[0.371s] Level 1:colcon.colcon_core.package_identification:_identify(src/lerobot_so100) by extension 'ros'
[0.371s] DEBUG:colcon.colcon_core.package_identification:Package 'src/lerobot_so100' with type 'ros.ament_cmake' and name 'lerobot_so100'
[0.372s] Level 1:colcon.colcon_core.package_discovery:discover_packages(recursive) using defaults
[0.372s] Level 1:colcon.colcon_core.package_discovery:discover_packages(ignore) discover
[0.372s] Level 1:colcon.colcon_core.package_discovery:discover_packages(ignore) using defaults
[0.372s] Level 1:colcon.colcon_core.package_discovery:discover_packages(path) discover
[0.372s] Level 1:colcon.colcon_core.package_discovery:discover_packages(path) using defaults
[0.394s] Level 1:colcon.colcon_core.package_discovery:discover_packages(prefix_path) check parameters
[0.394s] Level 1:colcon.colcon_core.package_discovery:discover_packages(prefix_path) discover
[0.394s] WARNING:colcon.colcon_ros.prefix_path.ament:The path '/home/kabilankb/isaac_lerobot_new/install/lerobot_so100' in the environment variable AMENT_PREFIX_PATH doesn't exist
[0.395s] WARNING:colcon.colcon_ros.prefix_path.ament:The path '/home/kabilankb/isaac_lerobot_new/install/so_100_arm' in the environment variable AMENT_PREFIX_PATH doesn't exist
[0.395s] WARNING:colcon.colcon_ros.prefix_path.catkin:The path '/home/kabilankb/isaac_lerobot_new/install/lerobot_so100' in the environment variable CMAKE_PREFIX_PATH doesn't exist
[0.395s] WARNING:colcon.colcon_ros.prefix_path.catkin:The path '/home/kabilankb/isaac_lerobot_new/install/so_100_arm' in the environment variable CMAKE_PREFIX_PATH doesn't exist
[0.395s] DEBUG:colcon.colcon_installed_package_information.package_discovery:Found 0 installed packages in /home/kabilankb/isaac_lerobot_new/install
[0.397s] DEBUG:colcon.colcon_installed_package_information.package_discovery:Found 459 installed packages in /opt/ros/humble
[0.399s] Level 1:colcon.colcon_core.package_discovery:discover_packages(prefix_path) using defaults
[0.455s] Level 5:colcon.colcon_core.verb:set package 'so_100_arm' build argument 'cmake_args' from command line to 'None'
[0.455s] Level 5:colcon.colcon_core.verb:set package 'so_100_arm' build argument 'cmake_target' from command line to 'None'
[0.455s] Level 5:colcon.colcon_core.verb:set package 'so_100_arm' build argument 'cmake_target_skip_unavailable' from command line to 'False'
[0.455s] Level 5:colcon.colcon_core.verb:set package 'so_100_arm' build argument 'cmake_clean_cache' from command line to 'False'
[0.455s] Level 5:colcon.colcon_core.verb:set package 'so_100_arm' build argument 'cmake_clean_first' from command line to 'False'
[0.455s] Level 5:colcon.colcon_core.verb:set package 'so_100_arm' build argument 'cmake_force_configure' from command line to 'False'
[0.455s] Level 5:colcon.colcon_core.verb:set package 'so_100_arm' build argument 'ament_cmake_args' from command line to 'None'
[0.455s] Level 5:colcon.colcon_core.verb:set package 'so_100_arm' build argument 'catkin_cmake_args' from command line to 'None'
[0.455s] Level 5:colcon.colcon_core.verb:set package 'so_100_arm' build argument 'catkin_skip_building_tests' from command line to 'False'
[0.455s] DEBUG:colcon.colcon_core.verb:Building package 'so_100_arm' with the following arguments: {'ament_cmake_args': None, 'build_base': '/home/kabilankb/isaac_lerobot_new/build/so_100_arm', 'catkin_cmake_args': None, 'catkin_skip_building_tests': False, 'cmake_args': None, 'cmake_clean_cache': False, 'cmake_clean_first': False, 'cmake_force_configure': False, 'cmake_target': None, 'cmake_target_skip_unavailable': False, 'install_base': '/home/kabilankb/isaac_lerobot_new/install/so_100_arm', 'merge_install': False, 'path': '/home/kabilankb/isaac_lerobot_new/src/SO-100-arm', 'symlink_install': False, 'test_result_base': None}
[0.455s] Level 5:colcon.colcon_core.verb:set package 'lerobot_so100' build argument 'cmake_args' from command line to 'None'
[0.456s] Level 5:colcon.colcon_core.verb:set package 'lerobot_so100' build argument 'cmake_target' from command line to 'None'
[0.456s] Level 5:colcon.colcon_core.verb:set package 'lerobot_so100' build argument 'cmake_target_skip_unavailable' from command line to 'False'
[0.456s] Level 5:colcon.colcon_core.verb:set package 'lerobot_so100' build argument 'cmake_clean_cache' from command line to 'False'
[0.456s] Level 5:colcon.colcon_core.verb:set package 'lerobot_so100' build argument 'cmake_clean_first' from command line to 'False'
[0.456s] Level 5:colcon.colcon_core.verb:set package 'lerobot_so100' build argument 'cmake_force_configure' from command line to 'False'
[0.456s] Level 5:colcon.colcon_core.verb:set package 'lerobot_so100' build argument 'ament_cmake_args' from command line to 'None'
[0.456s] Level 5:colcon.colcon_core.verb:set package 'lerobot_so100' build argument 'catkin_cmake_args' from command line to 'None'
[0.456s] Level 5:colcon.colcon_core.verb:set package 'lerobot_so100' build argument 'catkin_skip_building_tests' from command line to 'False'
[0.456s] DEBUG:colcon.colcon_core.verb:Building package 'lerobot_so100' with the following arguments: {'ament_cmake_args': None, 'build_base': '/home/kabilankb/isaac_lerobot_new/build/lerobot_so100', 'catkin_cmake_args': None, 'catkin_skip_building_tests': False, 'cmake_args': None, 'cmake_clean_cache': False, 'cmake_clean_first': False, 'cmake_force_configure': False, 'cmake_target': None, 'cmake_target_skip_unavailable': False, 'install_base': '/home/kabilankb/isaac_lerobot_new/install/lerobot_so100', 'merge_install': False, 'path': '/home/kabilankb/isaac_lerobot_new/src/lerobot_so100', 'symlink_install': False, 'test_result_base': None}
[0.456s] INFO:colcon.colcon_core.executor:Executing jobs using 'parallel' executor
[0.457s] DEBUG:colcon.colcon_parallel_executor.executor.parallel:run_until_complete
[0.457s] INFO:colcon.colcon_ros.task.ament_cmake.build:Building ROS package in '/home/kabilankb/isaac_lerobot_new/src/SO-100-arm' with build type 'ament_cmake'
[0.457s] INFO:colcon.colcon_cmake.task.cmake.build:Building CMake package in '/home/kabilankb/isaac_lerobot_new/src/SO-100-arm'
[0.459s] INFO:colcon.colcon_core.plugin_system:Skipping extension 'colcon_core.shell.bat': Not used on non-Windows systems
[0.459s] INFO:colcon.colcon_core.shell:Skip shell extension 'powershell' for command environment: Not usable outside of PowerShell
[0.459s] DEBUG:colcon.colcon_core.shell:Skip shell extension 'dsv' for command environment
[0.468s] DEBUG:colcon.colcon_core.event_handler.log_command:Invoking command in '/home/kabilankb/isaac_lerobot_new/build/so_100_arm': CMAKE_PREFIX_PATH=${CMAKE_PREFIX_PATH}:/opt/ros/humble PS1=(ros_env) \[\e]0;\u@\h: \w\a\]${debian_chroot:+($debian_chroot)}\[\033[01;32m\]\u@\h\[\033[00m\]:\[\033[01;34m\]\w\[\033[00m\]\$ /usr/bin/cmake /home/kabilankb/isaac_lerobot_new/src/SO-100-arm -DCMAKE_INSTALL_PREFIX=/home/kabilankb/isaac_lerobot_new/install/so_100_arm
[1.551s] DEBUG:colcon.colcon_core.event_handler.log_command:Invoked command in '/home/kabilankb/isaac_lerobot_new/build/so_100_arm' returned '0': CMAKE_PREFIX_PATH=${CMAKE_PREFIX_PATH}:/opt/ros/humble PS1=(ros_env) \[\e]0;\u@\h: \w\a\]${debian_chroot:+($debian_chroot)}\[\033[01;32m\]\u@\h\[\033[00m\]:\[\033[01;34m\]\w\[\033[00m\]\$ /usr/bin/cmake /home/kabilankb/isaac_lerobot_new/src/SO-100-arm -DCMAKE_INSTALL_PREFIX=/home/kabilankb/isaac_lerobot_new/install/so_100_arm
[1.552s] DEBUG:colcon.colcon_core.event_handler.log_command:Invoking command in '/home/kabilankb/isaac_lerobot_new/build/so_100_arm': CMAKE_PREFIX_PATH=${CMAKE_PREFIX_PATH}:/opt/ros/humble PS1=(ros_env) \[\e]0;\u@\h: \w\a\]${debian_chroot:+($debian_chroot)}\[\033[01;32m\]\u@\h\[\033[00m\]:\[\033[01;34m\]\w\[\033[00m\]\$ /usr/bin/cmake --build /home/kabilankb/isaac_lerobot_new/build/so_100_arm -- -j20 -l20
[1.591s] DEBUG:colcon.colcon_core.event_handler.log_command:Invoked command in '/home/kabilankb/isaac_lerobot_new/build/so_100_arm' returned '0': CMAKE_PREFIX_PATH=${CMAKE_PREFIX_PATH}:/opt/ros/humble PS1=(ros_env) \[\e]0;\u@\h: \w\a\]${debian_chroot:+($debian_chroot)}\[\033[01;32m\]\u@\h\[\033[00m\]:\[\033[01;34m\]\w\[\033[00m\]\$ /usr/bin/cmake --build /home/kabilankb/isaac_lerobot_new/build/so_100_arm -- -j20 -l20
[1.603s] DEBUG:colcon.colcon_core.event_handler.log_command:Invoking command in '/home/kabilankb/isaac_lerobot_new/build/so_100_arm': CMAKE_PREFIX_PATH=${CMAKE_PREFIX_PATH}:/opt/ros/humble PS1=(ros_env) \[\e]0;\u@\h: \w\a\]${debian_chroot:+($debian_chroot)}\[\033[01;32m\]\u@\h\[\033[00m\]:\[\033[01;34m\]\w\[\033[00m\]\$ /usr/bin/cmake --install /home/kabilankb/isaac_lerobot_new/build/so_100_arm
[1.617s] Level 1:colcon.colcon_core.environment:create_environment_scripts_only(so_100_arm)
[1.617s] DEBUG:colcon.colcon_core.event_handler.log_command:Invoked command in '/home/kabilankb/isaac_lerobot_new/build/so_100_arm' returned '0': CMAKE_PREFIX_PATH=${CMAKE_PREFIX_PATH}:/opt/ros/humble PS1=(ros_env) \[\e]0;\u@\h: \w\a\]${debian_chroot:+($debian_chroot)}\[\033[01;32m\]\u@\h\[\033[00m\]:\[\033[01;34m\]\w\[\033[00m\]\$ /usr/bin/cmake --install /home/kabilankb/isaac_lerobot_new/build/so_100_arm
[1.620s] Level 1:colcon.colcon_core.environment:checking '/home/kabilankb/isaac_lerobot_new/install/so_100_arm' for CMake module files
[1.620s] Level 1:colcon.colcon_core.environment:checking '/home/kabilankb/isaac_lerobot_new/install/so_100_arm' for CMake config files
[1.620s] Level 1:colcon.colcon_core.shell:create_environment_hook('so_100_arm', 'cmake_prefix_path')
[1.620s] INFO:colcon.colcon_core.shell:Creating environment hook '/home/kabilankb/isaac_lerobot_new/install/so_100_arm/share/so_100_arm/hook/cmake_prefix_path.ps1'
[1.621s] INFO:colcon.colcon_core.shell:Creating environment descriptor '/home/kabilankb/isaac_lerobot_new/install/so_100_arm/share/so_100_arm/hook/cmake_prefix_path.dsv'
[1.621s] INFO:colcon.colcon_core.shell:Creating environment hook '/home/kabilankb/isaac_lerobot_new/install/so_100_arm/share/so_100_arm/hook/cmake_prefix_path.sh'
[1.622s] Level 1:colcon.colcon_core.environment:checking '/home/kabilankb/isaac_lerobot_new/install/so_100_arm/bin'
[1.623s] Level 1:colcon.colcon_core.environment:checking '/home/kabilankb/isaac_lerobot_new/install/so_100_arm/lib/pkgconfig/so_100_arm.pc'
[1.623s] Level 1:colcon.colcon_core.environment:checking '/home/kabilankb/isaac_lerobot_new/install/so_100_arm/lib/python3.10/site-packages'
[1.623s] Level 1:colcon.colcon_core.environment:checking '/home/kabilankb/isaac_lerobot_new/install/so_100_arm/bin'
[1.623s] INFO:colcon.colcon_core.shell:Creating package script '/home/kabilankb/isaac_lerobot_new/install/so_100_arm/share/so_100_arm/package.ps1'
[1.624s] INFO:colcon.colcon_core.shell:Creating package descriptor '/home/kabilankb/isaac_lerobot_new/install/so_100_arm/share/so_100_arm/package.dsv'
[1.625s] INFO:colcon.colcon_core.shell:Creating package script '/home/kabilankb/isaac_lerobot_new/install/so_100_arm/share/so_100_arm/package.sh'
[1.625s] INFO:colcon.colcon_core.shell:Creating package script '/home/kabilankb/isaac_lerobot_new/install/so_100_arm/share/so_100_arm/package.bash'
[1.626s] INFO:colcon.colcon_core.shell:Creating package script '/home/kabilankb/isaac_lerobot_new/install/so_100_arm/share/so_100_arm/package.zsh'
[1.627s] Level 1:colcon.colcon_core.environment:create_file_with_runtime_dependencies(/home/kabilankb/isaac_lerobot_new/install/so_100_arm/share/colcon-core/packages/so_100_arm)
[1.627s] Level 1:colcon.colcon_core.environment:create_environment_scripts_only(so_100_arm)
[1.627s] Level 1:colcon.colcon_core.environment:checking '/home/kabilankb/isaac_lerobot_new/install/so_100_arm' for CMake module files
[1.628s] Level 1:colcon.colcon_core.environment:checking '/home/kabilankb/isaac_lerobot_new/install/so_100_arm' for CMake config files
[1.628s] Level 1:colcon.colcon_core.shell:create_environment_hook('so_100_arm', 'cmake_prefix_path')
[1.628s] INFO:colcon.colcon_core.shell:Creating environment hook '/home/kabilankb/isaac_lerobot_new/install/so_100_arm/share/so_100_arm/hook/cmake_prefix_path.ps1'
[1.628s] INFO:colcon.colcon_core.shell:Creating environment descriptor '/home/kabilankb/isaac_lerobot_new/install/so_100_arm/share/so_100_arm/hook/cmake_prefix_path.dsv'
[1.629s] INFO:colcon.colcon_core.shell:Creating environment hook '/home/kabilankb/isaac_lerobot_new/install/so_100_arm/share/so_100_arm/hook/cmake_prefix_path.sh'
[1.629s] Level 1:colcon.colcon_core.environment:checking '/home/kabilankb/isaac_lerobot_new/install/so_100_arm/bin'
[1.629s] Level 1:colcon.colcon_core.environment:checking '/home/kabilankb/isaac_lerobot_new/install/so_100_arm/lib/pkgconfig/so_100_arm.pc'
[1.630s] Level 1:colcon.colcon_core.environment:checking '/home/kabilankb/isaac_lerobot_new/install/so_100_arm/lib/python3.10/site-packages'
[1.630s] Level 1:colcon.colcon_core.environment:checking '/home/kabilankb/isaac_lerobot_new/install/so_100_arm/bin'
[1.630s] INFO:colcon.colcon_core.shell:Creating package script '/home/kabilankb/isaac_lerobot_new/install/so_100_arm/share/so_100_arm/package.ps1'
[1.631s] INFO:colcon.colcon_core.shell:Creating package descriptor '/home/kabilankb/isaac_lerobot_new/install/so_100_arm/share/so_100_arm/package.dsv'
[1.631s] INFO:colcon.colcon_core.shell:Creating package script '/home/kabilankb/isaac_lerobot_new/install/so_100_arm/share/so_100_arm/package.sh'
[1.631s] INFO:colcon.colcon_core.shell:Creating package script '/home/kabilankb/isaac_lerobot_new/install/so_100_arm/share/so_100_arm/package.bash'
[1.632s] INFO:colcon.colcon_core.shell:Creating package script '/home/kabilankb/isaac_lerobot_new/install/so_100_arm/share/so_100_arm/package.zsh'
[1.632s] Level 1:colcon.colcon_core.environment:create_file_with_runtime_dependencies(/home/kabilankb/isaac_lerobot_new/install/so_100_arm/share/colcon-core/packages/so_100_arm)
[1.632s] INFO:colcon.colcon_ros.task.ament_cmake.build:Building ROS package in '/home/kabilankb/isaac_lerobot_new/src/lerobot_so100' with build type 'ament_cmake'
[1.632s] INFO:colcon.colcon_cmake.task.cmake.build:Building CMake package in '/home/kabilankb/isaac_lerobot_new/src/lerobot_so100'
[1.633s] INFO:colcon.colcon_core.shell:Skip shell extension 'powershell' for command environment: Not usable outside of PowerShell
[1.633s] DEBUG:colcon.colcon_core.shell:Skip shell extension 'dsv' for command environment
[1.642s] DEBUG:colcon.colcon_core.event_handler.log_command:Invoking command in '/home/kabilankb/isaac_lerobot_new/build/lerobot_so100': CMAKE_PREFIX_PATH=/home/kabilankb/isaac_lerobot_new/install/so_100_arm:/home/kabilankb/isaac_lerobot_new/install/lerobot_so100:/opt/ros/humble PS1=(ros_env) \[\e]0;\u@\h: \w\a\]${debian_chroot:+($debian_chroot)}\[\033[01;32m\]\u@\h\[\033[00m\]:\[\033[01;34m\]\w\[\033[00m\]\$ /usr/bin/cmake /home/kabilankb/isaac_lerobot_new/src/lerobot_so100 -DCMAKE_INSTALL_PREFIX=/home/kabilankb/isaac_lerobot_new/install/lerobot_so100
[2.712s] DEBUG:colcon.colcon_core.event_handler.log_command:Invoked command in '/home/kabilankb/isaac_lerobot_new/build/lerobot_so100' returned '0': CMAKE_PREFIX_PATH=/home/kabilankb/isaac_lerobot_new/install/so_100_arm:/home/kabilankb/isaac_lerobot_new/install/lerobot_so100:/opt/ros/humble PS1=(ros_env) \[\e]0;\u@\h: \w\a\]${debian_chroot:+($debian_chroot)}\[\033[01;32m\]\u@\h\[\033[00m\]:\[\033[01;34m\]\w\[\033[00m\]\$ /usr/bin/cmake /home/kabilankb/isaac_lerobot_new/src/lerobot_so100 -DCMAKE_INSTALL_PREFIX=/home/kabilankb/isaac_lerobot_new/install/lerobot_so100
[2.715s] DEBUG:colcon.colcon_core.event_handler.log_command:Invoking command in '/home/kabilankb/isaac_lerobot_new/build/lerobot_so100': CMAKE_PREFIX_PATH=/home/kabilankb/isaac_lerobot_new/install/so_100_arm:/home/kabilankb/isaac_lerobot_new/install/lerobot_so100:/opt/ros/humble PS1=(ros_env) \[\e]0;\u@\h: \w\a\]${debian_chroot:+($debian_chroot)}\[\033[01;32m\]\u@\h\[\033[00m\]:\[\033[01;34m\]\w\[\033[00m\]\$ /usr/bin/cmake --build /home/kabilankb/isaac_lerobot_new/build/lerobot_so100 -- -j20 -l20
[2.755s] DEBUG:colcon.colcon_core.event_handler.log_command:Invoked command in '/home/kabilankb/isaac_lerobot_new/build/lerobot_so100' returned '0': CMAKE_PREFIX_PATH=/home/kabilankb/isaac_lerobot_new/install/so_100_arm:/home/kabilankb/isaac_lerobot_new/install/lerobot_so100:/opt/ros/humble PS1=(ros_env) \[\e]0;\u@\h: \w\a\]${debian_chroot:+($debian_chroot)}\[\033[01;32m\]\u@\h\[\033[00m\]:\[\033[01;34m\]\w\[\033[00m\]\$ /usr/bin/cmake --build /home/kabilankb/isaac_lerobot_new/build/lerobot_so100 -- -j20 -l20
[2.757s] DEBUG:colcon.colcon_core.event_handler.log_command:Invoking command in '/home/kabilankb/isaac_lerobot_new/build/lerobot_so100': CMAKE_PREFIX_PATH=/home/kabilankb/isaac_lerobot_new/install/so_100_arm:/home/kabilankb/isaac_lerobot_new/install/lerobot_so100:/opt/ros/humble PS1=(ros_env) \[\e]0;\u@\h: \w\a\]${debian_chroot:+($debian_chroot)}\[\033[01;32m\]\u@\h\[\033[00m\]:\[\033[01;34m\]\w\[\033[00m\]\$ /usr/bin/cmake --install /home/kabilankb/isaac_lerobot_new/build/lerobot_so100
[2.769s] Level 1:colcon.colcon_core.environment:create_environment_scripts_only(lerobot_so100)
[2.770s] DEBUG:colcon.colcon_core.event_handler.log_command:Invoked command in '/home/kabilankb/isaac_lerobot_new/build/lerobot_so100' returned '0': CMAKE_PREFIX_PATH=/home/kabilankb/isaac_lerobot_new/install/so_100_arm:/home/kabilankb/isaac_lerobot_new/install/lerobot_so100:/opt/ros/humble PS1=(ros_env) \[\e]0;\u@\h: \w\a\]${debian_chroot:+($debian_chroot)}\[\033[01;32m\]\u@\h\[\033[00m\]:\[\033[01;34m\]\w\[\033[00m\]\$ /usr/bin/cmake --install /home/kabilankb/isaac_lerobot_new/build/lerobot_so100
[2.770s] Level 1:colcon.colcon_core.environment:checking '/home/kabilankb/isaac_lerobot_new/install/lerobot_so100' for CMake module files
[2.770s] Level 1:colcon.colcon_core.environment:checking '/home/kabilankb/isaac_lerobot_new/install/lerobot_so100' for CMake config files
[2.771s] Level 1:colcon.colcon_core.shell:create_environment_hook('lerobot_so100', 'cmake_prefix_path')
[2.771s] INFO:colcon.colcon_core.shell:Creating environment hook '/home/kabilankb/isaac_lerobot_new/install/lerobot_so100/share/lerobot_so100/hook/cmake_prefix_path.ps1'
[2.771s] INFO:colcon.colcon_core.shell:Creating environment descriptor '/home/kabilankb/isaac_lerobot_new/install/lerobot_so100/share/lerobot_so100/hook/cmake_prefix_path.dsv'
[2.772s] INFO:colcon.colcon_core.shell:Creating environment hook '/home/kabilankb/isaac_lerobot_new/install/lerobot_so100/share/lerobot_so100/hook/cmake_prefix_path.sh'
[2.772s] Level 1:colcon.colcon_core.environment:checking '/home/kabilankb/isaac_lerobot_new/install/lerobot_so100/bin'
[2.772s] Level 1:colcon.colcon_core.environment:checking '/home/kabilankb/isaac_lerobot_new/install/lerobot_so100/lib/pkgconfig/lerobot_so100.pc'
[2.772s] Level 1:colcon.colcon_core.environment:checking '/home/kabilankb/isaac_lerobot_new/install/lerobot_so100/lib/python3.10/site-packages'
[2.773s] Level 1:colcon.colcon_core.environment:checking '/home/kabilankb/isaac_lerobot_new/install/lerobot_so100/bin'
[2.773s] INFO:colcon.colcon_core.shell:Creating package script '/home/kabilankb/isaac_lerobot_new/install/lerobot_so100/share/lerobot_so100/package.ps1'
[2.773s] INFO:colcon.colcon_core.shell:Creating package descriptor '/home/kabilankb/isaac_lerobot_new/install/lerobot_so100/share/lerobot_so100/package.dsv'
[2.774s] INFO:colcon.colcon_core.shell:Creating package script '/home/kabilankb/isaac_lerobot_new/install/lerobot_so100/share/lerobot_so100/package.sh'
[2.774s] INFO:colcon.colcon_core.shell:Creating package script '/home/kabilankb/isaac_lerobot_new/install/lerobot_so100/share/lerobot_so100/package.bash'
[2.774s] INFO:colcon.colcon_core.shell:Creating package script '/home/kabilankb/isaac_lerobot_new/install/lerobot_so100/share/lerobot_so100/package.zsh'
[2.775s] Level 1:colcon.colcon_core.environment:create_file_with_runtime_dependencies(/home/kabilankb/isaac_lerobot_new/install/lerobot_so100/share/colcon-core/packages/lerobot_so100)
[2.775s] Level 1:colcon.colcon_core.environment:create_environment_scripts_only(lerobot_so100)
[2.776s] Level 1:colcon.colcon_core.environment:checking '/home/kabilankb/isaac_lerobot_new/install/lerobot_so100' for CMake module files
[2.776s] Level 1:colcon.colcon_core.environment:checking '/home/kabilankb/isaac_lerobot_new/install/lerobot_so100' for CMake config files
[2.776s] Level 1:colcon.colcon_core.shell:create_environment_hook('lerobot_so100', 'cmake_prefix_path')
[2.776s] INFO:colcon.colcon_core.shell:Creating environment hook '/home/kabilankb/isaac_lerobot_new/install/lerobot_so100/share/lerobot_so100/hook/cmake_prefix_path.ps1'
[2.777s] INFO:colcon.colcon_core.shell:Creating environment descriptor '/home/kabilankb/isaac_lerobot_new/install/lerobot_so100/share/lerobot_so100/hook/cmake_prefix_path.dsv'
[2.777s] INFO:colcon.colcon_core.shell:Creating environment hook '/home/kabilankb/isaac_lerobot_new/install/lerobot_so100/share/lerobot_so100/hook/cmake_prefix_path.sh'
[2.778s] Level 1:colcon.colcon_core.environment:checking '/home/kabilankb/isaac_lerobot_new/install/lerobot_so100/bin'
[2.778s] Level 1:colcon.colcon_core.environment:checking '/home/kabilankb/isaac_lerobot_new/install/lerobot_so100/lib/pkgconfig/lerobot_so100.pc'
[2.778s] Level 1:colcon.colcon_core.environment:checking '/home/kabilankb/isaac_lerobot_new/install/lerobot_so100/lib/python3.10/site-packages'
[2.778s] Level 1:colcon.colcon_core.environment:checking '/home/kabilankb/isaac_lerobot_new/install/lerobot_so100/bin'
[2.778s] INFO:colcon.colcon_core.shell:Creating package script '/home/kabilankb/isaac_lerobot_new/install/lerobot_so100/share/lerobot_so100/package.ps1'
[2.779s] INFO:colcon.colcon_core.shell:Creating package descriptor '/home/kabilankb/isaac_lerobot_new/install/lerobot_so100/share/lerobot_so100/package.dsv'
[2.779s] INFO:colcon.colcon_core.shell:Creating package script '/home/kabilankb/isaac_lerobot_new/install/lerobot_so100/share/lerobot_so100/package.sh'
[2.780s] INFO:colcon.colcon_core.shell:Creating package script '/home/kabilankb/isaac_lerobot_new/install/lerobot_so100/share/lerobot_so100/package.bash'
[2.780s] INFO:colcon.colcon_core.shell:Creating package script '/home/kabilankb/isaac_lerobot_new/install/lerobot_so100/share/lerobot_so100/package.zsh'
[2.780s] Level 1:colcon.colcon_core.environment:create_file_with_runtime_dependencies(/home/kabilankb/isaac_lerobot_new/install/lerobot_so100/share/colcon-core/packages/lerobot_so100)
[2.780s] DEBUG:colcon.colcon_parallel_executor.executor.parallel:closing loop
[2.781s] DEBUG:colcon.colcon_parallel_executor.executor.parallel:loop closed
[2.781s] DEBUG:colcon.colcon_parallel_executor.executor.parallel:run_until_complete finished with '0'
[2.781s] DEBUG:colcon.colcon_core.event_reactor:joining thread
[2.786s] INFO:colcon.colcon_core.plugin_system:Skipping extension 'colcon_notification.desktop_notification.terminal_notifier': Not used on non-Darwin systems
[2.786s] INFO:colcon.colcon_core.plugin_system:Skipping extension 'colcon_notification.desktop_notification.win32': Not used on non-Windows systems
[2.786s] INFO:colcon.colcon_notification.desktop_notification:Sending desktop notification using 'notify2'
[2.798s] DEBUG:colcon.colcon_core.event_reactor:joined thread
[2.798s] INFO:colcon.colcon_core.shell:Creating prefix script '/home/kabilankb/isaac_lerobot_new/install/local_setup.ps1'
[2.800s] INFO:colcon.colcon_core.shell:Creating prefix util module '/home/kabilankb/isaac_lerobot_new/install/_local_setup_util_ps1.py'
[2.801s] INFO:colcon.colcon_core.shell:Creating prefix chain script '/home/kabilankb/isaac_lerobot_new/install/setup.ps1'
[2.802s] INFO:colcon.colcon_core.shell:Creating prefix script '/home/kabilankb/isaac_lerobot_new/install/local_setup.sh'
[2.803s] INFO:colcon.colcon_core.shell:Creating prefix util module '/home/kabilankb/isaac_lerobot_new/install/_local_setup_util_sh.py'
[2.803s] INFO:colcon.colcon_core.shell:Creating prefix chain script '/home/kabilankb/isaac_lerobot_new/install/setup.sh'
[2.804s] INFO:colcon.colcon_core.shell:Creating prefix script '/home/kabilankb/isaac_lerobot_new/install/local_setup.bash'
[2.805s] INFO:colcon.colcon_core.shell:Creating prefix chain script '/home/kabilankb/isaac_lerobot_new/install/setup.bash'
[2.805s] INFO:colcon.colcon_core.shell:Creating prefix script '/home/kabilankb/isaac_lerobot_new/install/local_setup.zsh'
[2.806s] INFO:colcon.colcon_core.shell:Creating prefix chain script '/home/kabilankb/isaac_lerobot_new/install/setup.zsh'
